{"/Users/berkeucvet/Developer/berke/swiftbase/swiftbase-sdk/src/client.ts": {"path":"/Users/berkeucvet/Developer/berke/swiftbase/swiftbase-sdk/src/client.ts","statementMap":{"0":{"start":{"line":18,"column":46},"end":{"line":18,"column":null}},"1":{"start":{"line":22,"column":4},"end":{"line":24,"column":null}},"2":{"start":{"line":23,"column":6},"end":{"line":23,"column":null}},"3":{"start":{"line":27,"column":4},"end":{"line":30,"column":null}},"4":{"start":{"line":33,"column":24},"end":{"line":33,"column":null}},"5":{"start":{"line":34,"column":4},"end":{"line":39,"column":null}},"6":{"start":{"line":42,"column":4},"end":{"line":42,"column":null}},"7":{"start":{"line":45,"column":4},"end":{"line":45,"column":null}},"8":{"start":{"line":48,"column":4},"end":{"line":48,"column":null}},"9":{"start":{"line":55,"column":4},"end":{"line":55,"column":null}},"10":{"start":{"line":62,"column":4},"end":{"line":62,"column":null}},"11":{"start":{"line":75,"column":4},"end":{"line":75,"column":null}},"12":{"start":{"line":88,"column":4},"end":{"line":88,"column":null}},"13":{"start":{"line":100,"column":4},"end":{"line":100,"column":null}},"14":{"start":{"line":107,"column":4},"end":{"line":107,"column":null}},"15":{"start":{"line":114,"column":4},"end":{"line":114,"column":null}},"16":{"start":{"line":122,"column":4},"end":{"line":122,"column":null}},"17":{"start":{"line":130,"column":4},"end":{"line":130,"column":null}},"18":{"start":{"line":138,"column":2},"end":{"line":138,"column":null}}},"fnMap":{"0":{"name":"(anonymous_0)","decl":{"start":{"line":20,"column":2},"end":{"line":20,"column":14}},"loc":{"start":{"line":20,"column":39},"end":{"line":49,"column":null}},"line":20},"1":{"name":"(anonymous_1)","decl":{"start":{"line":54,"column":6},"end":{"line":54,"column":19}},"loc":{"start":{"line":54,"column":19},"end":{"line":56,"column":null}},"line":54},"2":{"name":"(anonymous_2)","decl":{"start":{"line":61,"column":8},"end":{"line":61,"column":31}},"loc":{"start":{"line":61,"column":31},"end":{"line":63,"column":null}},"line":61},"3":{"name":"(anonymous_3)","decl":{"start":{"line":74,"column":2},"end":{"line":74,"column":27}},"loc":{"start":{"line":74,"column":58},"end":{"line":76,"column":null}},"line":74},"4":{"name":"(anonymous_4)","decl":{"start":{"line":87,"column":8},"end":{"line":87,"column":27}},"loc":{"start":{"line":87,"column":77},"end":{"line":89,"column":null}},"line":87},"5":{"name":"(anonymous_5)","decl":{"start":{"line":96,"column":8},"end":{"line":96,"column":null}},"loc":{"start":{"line":99,"column":31},"end":{"line":101,"column":null}},"line":99},"6":{"name":"(anonymous_6)","decl":{"start":{"line":106,"column":6},"end":{"line":106,"column":20}},"loc":{"start":{"line":106,"column":20},"end":{"line":108,"column":null}},"line":106},"7":{"name":"(anonymous_7)","decl":{"start":{"line":113,"column":6},"end":{"line":113,"column":35}},"loc":{"start":{"line":113,"column":35},"end":{"line":115,"column":null}},"line":113},"8":{"name":"(anonymous_8)","decl":{"start":{"line":121,"column":6},"end":{"line":121,"column":26}},"loc":{"start":{"line":121,"column":26},"end":{"line":123,"column":null}},"line":121},"9":{"name":"(anonymous_9)","decl":{"start":{"line":129,"column":6},"end":{"line":129,"column":43}},"loc":{"start":{"line":129,"column":43},"end":{"line":131,"column":null}},"line":129},"10":{"name":"createClient","decl":{"start":{"line":137,"column":16},"end":{"line":137,"column":29}},"loc":{"start":{"line":137,"column":71},"end":{"line":139,"column":null}},"line":137}},"branchMap":{"0":{"loc":{"start":{"line":22,"column":4},"end":{"line":24,"column":null}},"type":"if","locations":[{"start":{"line":22,"column":4},"end":{"line":24,"column":null}},{"start":{},"end":{}}],"line":22},"1":{"loc":{"start":{"line":37,"column":13},"end":{"line":37,"column":null}},"type":"cond-expr","locations":[{"start":{"line":37,"column":37},"end":{"line":37,"column":45}},{"start":{"line":37,"column":45},"end":{"line":37,"column":null}}],"line":37}},"s":{"0":6,"1":6,"2":1,"3":5,"4":5,"5":5,"6":6,"7":6,"8":6,"9":0,"10":0,"11":0,"12":0,"13":0,"14":1,"15":3,"16":0,"17":5,"18":2},"f":{"0":6,"1":0,"2":0,"3":0,"4":0,"5":0,"6":1,"7":3,"8":0,"9":5,"10":2},"b":{"0":[1,5],"1":[0,5]},"meta":{"lastBranch":2,"lastFunction":11,"lastStatement":19,"seen":{"s:18:46:18:Infinity":0,"f:20:2:20:14":0,"b:22:4:24:Infinity:undefined:undefined:undefined:undefined":0,"s:22:4:24:Infinity":1,"s:23:6:23:Infinity":2,"s:27:4:30:Infinity":3,"s:33:24:33:Infinity":4,"s:34:4:39:Infinity":5,"b:37:37:37:45:37:45:37:Infinity":1,"s:42:4:42:Infinity":6,"s:45:4:45:Infinity":7,"s:48:4:48:Infinity":8,"f:54:6:54:19":1,"s:55:4:55:Infinity":9,"f:61:8:61:31":2,"s:62:4:62:Infinity":10,"f:74:2:74:27":3,"s:75:4:75:Infinity":11,"f:87:8:87:27":4,"s:88:4:88:Infinity":12,"f:96:8:96:Infinity":5,"s:100:4:100:Infinity":13,"f:106:6:106:20":6,"s:107:4:107:Infinity":14,"f:113:6:113:35":7,"s:114:4:114:Infinity":15,"f:121:6:121:26":8,"s:122:4:122:Infinity":16,"f:129:6:129:43":9,"s:130:4:130:Infinity":17,"f:137:16:137:29":10,"s:138:2:138:Infinity":18}}}
,"/Users/berkeucvet/Developer/berke/swiftbase/swiftbase-sdk/src/core/errors.ts": {"path":"/Users/berkeucvet/Developer/berke/swiftbase/swiftbase-sdk/src/core/errors.ts","statementMap":{"0":{"start":{"line":10,"column":4},"end":{"line":10,"column":null}},"1":{"start":{"line":11,"column":4},"end":{"line":11,"column":null}},"2":{"start":{"line":12,"column":4},"end":{"line":12,"column":null}},"3":{"start":{"line":13,"column":4},"end":{"line":13,"column":null}},"4":{"start":{"line":14,"column":4},"end":{"line":14,"column":null}},"5":{"start":{"line":15,"column":4},"end":{"line":15,"column":null}},"6":{"start":{"line":28,"column":4},"end":{"line":28,"column":null}},"7":{"start":{"line":29,"column":4},"end":{"line":29,"column":null}},"8":{"start":{"line":30,"column":4},"end":{"line":30,"column":null}},"9":{"start":{"line":43,"column":4},"end":{"line":43,"column":null}},"10":{"start":{"line":44,"column":4},"end":{"line":44,"column":null}},"11":{"start":{"line":45,"column":4},"end":{"line":45,"column":null}},"12":{"start":{"line":58,"column":4},"end":{"line":58,"column":null}},"13":{"start":{"line":59,"column":4},"end":{"line":59,"column":null}},"14":{"start":{"line":60,"column":4},"end":{"line":60,"column":null}},"15":{"start":{"line":68,"column":47},"end":{"line":68,"column":null}},"16":{"start":{"line":71,"column":4},"end":{"line":71,"column":null}},"17":{"start":{"line":72,"column":4},"end":{"line":72,"column":null}},"18":{"start":{"line":85,"column":54},"end":{"line":85,"column":null}},"19":{"start":{"line":89,"column":4},"end":{"line":89,"column":null}},"20":{"start":{"line":90,"column":4},"end":{"line":90,"column":null}},"21":{"start":{"line":91,"column":4},"end":{"line":91,"column":null}},"22":{"start":{"line":102,"column":18},"end":{"line":104,"column":null}},"23":{"start":{"line":106,"column":15},"end":{"line":108,"column":null}},"24":{"start":{"line":110,"column":18},"end":{"line":112,"column":null}},"25":{"start":{"line":115,"column":2},"end":{"line":118,"column":null}},"26":{"start":{"line":116,"column":36},"end":{"line":116,"column":null}},"27":{"start":{"line":117,"column":4},"end":{"line":117,"column":null}},"28":{"start":{"line":120,"column":2},"end":{"line":122,"column":null}},"29":{"start":{"line":121,"column":4},"end":{"line":121,"column":null}},"30":{"start":{"line":125,"column":2},"end":{"line":127,"column":null}},"31":{"start":{"line":126,"column":4},"end":{"line":126,"column":null}},"32":{"start":{"line":130,"column":2},"end":{"line":138,"column":null}},"33":{"start":{"line":131,"column":4},"end":{"line":133,"column":null}},"34":{"start":{"line":132,"column":6},"end":{"line":132,"column":null}},"35":{"start":{"line":134,"column":4},"end":{"line":136,"column":null}},"36":{"start":{"line":135,"column":6},"end":{"line":135,"column":null}},"37":{"start":{"line":137,"column":4},"end":{"line":137,"column":null}},"38":{"start":{"line":141,"column":2},"end":{"line":141,"column":null}}},"fnMap":{"0":{"name":"(anonymous_0)","decl":{"start":{"line":9,"column":2},"end":{"line":9,"column":14}},"loc":{"start":{"line":9,"column":80},"end":{"line":16,"column":null}},"line":9},"1":{"name":"(anonymous_1)","decl":{"start":{"line":27,"column":2},"end":{"line":27,"column":14}},"loc":{"start":{"line":27,"column":93},"end":{"line":31,"column":null}},"line":27},"2":{"name":"(anonymous_2)","decl":{"start":{"line":42,"column":2},"end":{"line":42,"column":14}},"loc":{"start":{"line":42,"column":72},"end":{"line":46,"column":null}},"line":42},"3":{"name":"(anonymous_3)","decl":{"start":{"line":57,"column":2},"end":{"line":57,"column":14}},"loc":{"start":{"line":57,"column":74},"end":{"line":61,"column":null}},"line":57},"4":{"name":"(anonymous_4)","decl":{"start":{"line":70,"column":2},"end":{"line":70,"column":14}},"loc":{"start":{"line":70,"column":50},"end":{"line":73,"column":null}},"line":70},"5":{"name":"(anonymous_5)","decl":{"start":{"line":88,"column":2},"end":{"line":88,"column":14}},"loc":{"start":{"line":88,"column":82},"end":{"line":92,"column":null}},"line":88},"6":{"name":"parseErrorResponse","decl":{"start":{"line":98,"column":16},"end":{"line":98,"column":null}},"loc":{"start":{"line":101,"column":18},"end":{"line":142,"column":null}},"line":101}},"branchMap":{"0":{"loc":{"start":{"line":27,"column":52},"end":{"line":27,"column":74}},"type":"default-arg","locations":[{"start":{"line":27,"column":69},"end":{"line":27,"column":74}}],"line":27},"1":{"loc":{"start":{"line":102,"column":18},"end":{"line":104,"column":null}},"type":"cond-expr","locations":[{"start":{"line":103,"column":6},"end":{"line":103,"column":null}},{"start":{"line":104,"column":6},"end":{"line":104,"column":null}}],"line":102},"2":{"loc":{"start":{"line":102,"column":18},"end":{"line":102,"column":null}},"type":"binary-expr","locations":[{"start":{"line":102,"column":18},"end":{"line":102,"column":46}},{"start":{"line":102,"column":46},"end":{"line":102,"column":63}},{"start":{"line":102,"column":63},"end":{"line":102,"column":null}}],"line":102},"3":{"loc":{"start":{"line":106,"column":15},"end":{"line":108,"column":null}},"type":"cond-expr","locations":[{"start":{"line":107,"column":6},"end":{"line":107,"column":null}},{"start":{"line":108,"column":6},"end":{"line":108,"column":null}}],"line":106},"4":{"loc":{"start":{"line":106,"column":15},"end":{"line":106,"column":null}},"type":"binary-expr","locations":[{"start":{"line":106,"column":15},"end":{"line":106,"column":43}},{"start":{"line":106,"column":43},"end":{"line":106,"column":60}},{"start":{"line":106,"column":60},"end":{"line":106,"column":null}}],"line":106},"5":{"loc":{"start":{"line":110,"column":18},"end":{"line":112,"column":null}},"type":"cond-expr","locations":[{"start":{"line":111,"column":7},"end":{"line":111,"column":null}},{"start":{"line":112,"column":6},"end":{"line":112,"column":null}}],"line":110},"6":{"loc":{"start":{"line":110,"column":18},"end":{"line":110,"column":null}},"type":"binary-expr","locations":[{"start":{"line":110,"column":18},"end":{"line":110,"column":46}},{"start":{"line":110,"column":46},"end":{"line":110,"column":63}},{"start":{"line":110,"column":63},"end":{"line":110,"column":null}}],"line":110},"7":{"loc":{"start":{"line":115,"column":2},"end":{"line":118,"column":null}},"type":"if","locations":[{"start":{"line":115,"column":2},"end":{"line":118,"column":null}},{"start":{},"end":{}}],"line":115},"8":{"loc":{"start":{"line":116,"column":36},"end":{"line":116,"column":null}},"type":"cond-expr","locations":[{"start":{"line":116,"column":63},"end":{"line":116,"column":81}},{"start":{"line":116,"column":81},"end":{"line":116,"column":null}}],"line":116},"9":{"loc":{"start":{"line":120,"column":2},"end":{"line":122,"column":null}},"type":"if","locations":[{"start":{"line":120,"column":2},"end":{"line":122,"column":null}},{"start":{},"end":{}}],"line":120},"10":{"loc":{"start":{"line":125,"column":2},"end":{"line":127,"column":null}},"type":"if","locations":[{"start":{"line":125,"column":2},"end":{"line":127,"column":null}},{"start":{},"end":{}}],"line":125},"11":{"loc":{"start":{"line":130,"column":2},"end":{"line":138,"column":null}},"type":"if","locations":[{"start":{"line":130,"column":2},"end":{"line":138,"column":null}},{"start":{},"end":{}}],"line":130},"12":{"loc":{"start":{"line":131,"column":4},"end":{"line":133,"column":null}},"type":"if","locations":[{"start":{"line":131,"column":4},"end":{"line":133,"column":null}},{"start":{},"end":{}}],"line":131},"13":{"loc":{"start":{"line":131,"column":8},"end":{"line":131,"column":63}},"type":"binary-expr","locations":[{"start":{"line":131,"column":8},"end":{"line":131,"column":39}},{"start":{"line":131,"column":39},"end":{"line":131,"column":63}}],"line":131},"14":{"loc":{"start":{"line":134,"column":4},"end":{"line":136,"column":null}},"type":"if","locations":[{"start":{"line":134,"column":4},"end":{"line":136,"column":null}},{"start":{},"end":{}}],"line":134},"15":{"loc":{"start":{"line":134,"column":8},"end":{"line":134,"column":69}},"type":"binary-expr","locations":[{"start":{"line":134,"column":8},"end":{"line":134,"column":36}},{"start":{"line":134,"column":36},"end":{"line":134,"column":69}}],"line":134},"16":{"loc":{"start":{"line":137,"column":47},"end":{"line":137,"column":70}},"type":"binary-expr","locations":[{"start":{"line":137,"column":47},"end":{"line":137,"column":55}},{"start":{"line":137,"column":55},"end":{"line":137,"column":70}}],"line":137},"17":{"loc":{"start":{"line":141,"column":45},"end":{"line":141,"column":70}},"type":"binary-expr","locations":[{"start":{"line":141,"column":45},"end":{"line":141,"column":53}},{"start":{"line":141,"column":53},"end":{"line":141,"column":70}}],"line":141}},"s":{"0":21,"1":21,"2":21,"3":21,"4":21,"5":21,"6":5,"7":5,"8":5,"9":3,"10":3,"11":3,"12":7,"13":7,"14":7,"15":2,"16":2,"17":2,"18":2,"19":2,"20":2,"21":2,"22":8,"23":8,"24":8,"25":8,"26":2,"27":2,"28":6,"29":1,"30":5,"31":1,"32":4,"33":3,"34":1,"35":2,"36":2,"37":0,"38":1},"f":{"0":21,"1":5,"2":3,"3":7,"4":2,"5":2,"6":8},"b":{"0":[5],"1":[7,1],"2":[8,8,8],"3":[4,4],"4":[8,8,8],"5":[1,7],"6":[8,8,8],"7":[2,6],"8":[1,1],"9":[1,5],"10":[1,4],"11":[3,1],"12":[1,2],"13":[3,1],"14":[2,0],"15":[2,0],"16":[0,0],"17":[1,1]},"meta":{"lastBranch":18,"lastFunction":7,"lastStatement":39,"seen":{"f:9:2:9:14":0,"s:10:4:10:Infinity":0,"s:11:4:11:Infinity":1,"s:12:4:12:Infinity":2,"s:13:4:13:Infinity":3,"s:14:4:14:Infinity":4,"s:15:4:15:Infinity":5,"f:27:2:27:14":1,"b:27:69:27:74":0,"s:28:4:28:Infinity":6,"s:29:4:29:Infinity":7,"s:30:4:30:Infinity":8,"f:42:2:42:14":2,"s:43:4:43:Infinity":9,"s:44:4:44:Infinity":10,"s:45:4:45:Infinity":11,"f:57:2:57:14":3,"s:58:4:58:Infinity":12,"s:59:4:59:Infinity":13,"s:60:4:60:Infinity":14,"s:68:47:68:Infinity":15,"f:70:2:70:14":4,"s:71:4:71:Infinity":16,"s:72:4:72:Infinity":17,"s:85:54:85:Infinity":18,"f:88:2:88:14":5,"s:89:4:89:Infinity":19,"s:90:4:90:Infinity":20,"s:91:4:91:Infinity":21,"f:98:16:98:Infinity":6,"s:102:18:104:Infinity":22,"b:103:6:103:Infinity:104:6:104:Infinity":1,"b:102:18:102:46:102:46:102:63:102:63:102:Infinity":2,"s:106:15:108:Infinity":23,"b:107:6:107:Infinity:108:6:108:Infinity":3,"b:106:15:106:43:106:43:106:60:106:60:106:Infinity":4,"s:110:18:112:Infinity":24,"b:111:7:111:Infinity:112:6:112:Infinity":5,"b:110:18:110:46:110:46:110:63:110:63:110:Infinity":6,"b:115:2:118:Infinity:undefined:undefined:undefined:undefined":7,"s:115:2:118:Infinity":25,"s:116:36:116:Infinity":26,"b:116:63:116:81:116:81:116:Infinity":8,"s:117:4:117:Infinity":27,"b:120:2:122:Infinity:undefined:undefined:undefined:undefined":9,"s:120:2:122:Infinity":28,"s:121:4:121:Infinity":29,"b:125:2:127:Infinity:undefined:undefined:undefined:undefined":10,"s:125:2:127:Infinity":30,"s:126:4:126:Infinity":31,"b:130:2:138:Infinity:undefined:undefined:undefined:undefined":11,"s:130:2:138:Infinity":32,"b:131:4:133:Infinity:undefined:undefined:undefined:undefined":12,"s:131:4:133:Infinity":33,"b:131:8:131:39:131:39:131:63":13,"s:132:6:132:Infinity":34,"b:134:4:136:Infinity:undefined:undefined:undefined:undefined":14,"s:134:4:136:Infinity":35,"b:134:8:134:36:134:36:134:69":15,"s:135:6:135:Infinity":36,"s:137:4:137:Infinity":37,"b:137:47:137:55:137:55:137:70":16,"s:141:2:141:Infinity":38,"b:141:45:141:53:141:53:141:70":17}}}
,"/Users/berkeucvet/Developer/berke/swiftbase/swiftbase-sdk/src/core/http.ts": {"path":"/Users/berkeucvet/Developer/berke/swiftbase/swiftbase-sdk/src/core/http.ts","statementMap":{"0":{"start":{"line":54,"column":4},"end":{"line":54,"column":null}},"1":{"start":{"line":55,"column":4},"end":{"line":55,"column":null}},"2":{"start":{"line":56,"column":4},"end":{"line":56,"column":null}},"3":{"start":{"line":57,"column":4},"end":{"line":57,"column":null}},"4":{"start":{"line":58,"column":4},"end":{"line":58,"column":null}},"5":{"start":{"line":65,"column":4},"end":{"line":69,"column":null}},"6":{"start":{"line":66,"column":6},"end":{"line":66,"column":null}},"7":{"start":{"line":68,"column":6},"end":{"line":68,"column":null}},"8":{"start":{"line":76,"column":22},"end":{"line":76,"column":null}},"9":{"start":{"line":77,"column":4},"end":{"line":77,"column":null}},"10":{"start":{"line":84,"column":20},"end":{"line":84,"column":null}},"11":{"start":{"line":87,"column":4},"end":{"line":89,"column":null}},"12":{"start":{"line":88,"column":6},"end":{"line":88,"column":null}},"13":{"start":{"line":92,"column":4},"end":{"line":96,"column":null}},"14":{"start":{"line":93,"column":6},"end":{"line":95,"column":null}},"15":{"start":{"line":94,"column":8},"end":{"line":94,"column":null}},"16":{"start":{"line":98,"column":4},"end":{"line":98,"column":null}},"17":{"start":{"line":108,"column":23},"end":{"line":108,"column":null}},"18":{"start":{"line":111,"column":22},"end":{"line":113,"column":null}},"19":{"start":{"line":112,"column":6},"end":{"line":112,"column":null}},"20":{"start":{"line":116,"column":4},"end":{"line":124,"column":null}},"21":{"start":{"line":117,"column":6},"end":{"line":123,"column":null}},"22":{"start":{"line":118,"column":8},"end":{"line":118,"column":null}},"23":{"start":{"line":120,"column":8},"end":{"line":122,"column":null}},"24":{"start":{"line":121,"column":10},"end":{"line":121,"column":null}},"25":{"start":{"line":126,"column":4},"end":{"line":129,"column":null}},"26":{"start":{"line":128,"column":21},"end":{"line":128,"column":null}},"27":{"start":{"line":141,"column":16},"end":{"line":141,"column":null}},"28":{"start":{"line":142,"column":20},"end":{"line":142,"column":null}},"29":{"start":{"line":143,"column":20},"end":{"line":143,"column":null}},"30":{"start":{"line":146,"column":4},"end":{"line":148,"column":null}},"31":{"start":{"line":147,"column":6},"end":{"line":147,"column":null}},"32":{"start":{"line":151,"column":32},"end":{"line":157,"column":null}},"33":{"start":{"line":160,"column":4},"end":{"line":162,"column":null}},"34":{"start":{"line":161,"column":6},"end":{"line":161,"column":null}},"35":{"start":{"line":165,"column":36},"end":{"line":165,"column":null}},"36":{"start":{"line":167,"column":22},"end":{"line":235,"column":null}},"37":{"start":{"line":168,"column":6},"end":{"line":234,"column":null}},"38":{"start":{"line":169,"column":25},"end":{"line":174,"column":null}},"39":{"start":{"line":178,"column":28},"end":{"line":178,"column":null}},"40":{"start":{"line":180,"column":8},"end":{"line":184,"column":null}},"41":{"start":{"line":181,"column":10},"end":{"line":181,"column":null}},"42":{"start":{"line":183,"column":10},"end":{"line":183,"column":null}},"43":{"start":{"line":187,"column":44},"end":{"line":192,"column":null}},"44":{"start":{"line":195,"column":26},"end":{"line":200,"column":null}},"45":{"start":{"line":198,"column":12},"end":{"line":198,"column":null}},"46":{"start":{"line":203,"column":8},"end":{"line":205,"column":null}},"47":{"start":{"line":204,"column":10},"end":{"line":204,"column":null}},"48":{"start":{"line":207,"column":8},"end":{"line":207,"column":null}},"49":{"start":{"line":210,"column":8},"end":{"line":222,"column":null}},"50":{"start":{"line":211,"column":10},"end":{"line":216,"column":null}},"51":{"start":{"line":212,"column":12},"end":{"line":215,"column":null}},"52":{"start":{"line":219,"column":10},"end":{"line":221,"column":null}},"53":{"start":{"line":220,"column":12},"end":{"line":220,"column":null}},"54":{"start":{"line":225,"column":8},"end":{"line":227,"column":null}},"55":{"start":{"line":226,"column":10},"end":{"line":226,"column":null}},"56":{"start":{"line":230,"column":8},"end":{"line":233,"column":null}},"57":{"start":{"line":237,"column":4},"end":{"line":253,"column":null}},"58":{"start":{"line":241,"column":6},"end":{"line":248,"column":null}},"59":{"start":{"line":242,"column":8},"end":{"line":242,"column":null}},"60":{"start":{"line":244,"column":8},"end":{"line":247,"column":null}},"61":{"start":{"line":250,"column":6},"end":{"line":250,"column":null}},"62":{"start":{"line":252,"column":6},"end":{"line":252,"column":null}},"63":{"start":{"line":260,"column":4},"end":{"line":260,"column":null}},"64":{"start":{"line":267,"column":4},"end":{"line":267,"column":null}},"65":{"start":{"line":274,"column":4},"end":{"line":274,"column":null}},"66":{"start":{"line":281,"column":4},"end":{"line":281,"column":null}},"67":{"start":{"line":288,"column":4},"end":{"line":288,"column":null}},"68":{"start":{"line":302,"column":16},"end":{"line":302,"column":null}},"69":{"start":{"line":303,"column":20},"end":{"line":303,"column":null}},"70":{"start":{"line":304,"column":20},"end":{"line":304,"column":null}},"71":{"start":{"line":307,"column":21},"end":{"line":307,"column":null}},"72":{"start":{"line":308,"column":4},"end":{"line":308,"column":null}},"73":{"start":{"line":310,"column":4},"end":{"line":312,"column":null}},"74":{"start":{"line":311,"column":6},"end":{"line":311,"column":null}},"75":{"start":{"line":315,"column":4},"end":{"line":315,"column":null}},"76":{"start":{"line":317,"column":36},"end":{"line":317,"column":null}},"77":{"start":{"line":319,"column":4},"end":{"line":383,"column":null}},"78":{"start":{"line":321,"column":6},"end":{"line":365,"column":null}},"79":{"start":{"line":322,"column":8},"end":{"line":364,"column":null}},"80":{"start":{"line":323,"column":22},"end":{"line":323,"column":null}},"81":{"start":{"line":325,"column":10},"end":{"line":329,"column":null}},"82":{"start":{"line":326,"column":12},"end":{"line":328,"column":null}},"83":{"start":{"line":327,"column":14},"end":{"line":327,"column":null}},"84":{"start":{"line":331,"column":10},"end":{"line":341,"column":null}},"85":{"start":{"line":332,"column":12},"end":{"line":340,"column":null}},"86":{"start":{"line":333,"column":14},"end":{"line":337,"column":null}},"87":{"start":{"line":334,"column":16},"end":{"line":334,"column":null}},"88":{"start":{"line":336,"column":16},"end":{"line":336,"column":null}},"89":{"start":{"line":339,"column":14},"end":{"line":339,"column":null}},"90":{"start":{"line":343,"column":10},"end":{"line":345,"column":null}},"91":{"start":{"line":344,"column":12},"end":{"line":344,"column":null}},"92":{"start":{"line":347,"column":10},"end":{"line":349,"column":null}},"93":{"start":{"line":348,"column":12},"end":{"line":348,"column":null}},"94":{"start":{"line":351,"column":10},"end":{"line":351,"column":null}},"95":{"start":{"line":354,"column":10},"end":{"line":356,"column":null}},"96":{"start":{"line":355,"column":12},"end":{"line":355,"column":null}},"97":{"start":{"line":358,"column":10},"end":{"line":358,"column":null}},"98":{"start":{"line":361,"column":10},"end":{"line":363,"column":null}},"99":{"start":{"line":362,"column":12},"end":{"line":362,"column":null}},"100":{"start":{"line":368,"column":23},"end":{"line":373,"column":null}},"101":{"start":{"line":375,"column":6},"end":{"line":378,"column":null}},"102":{"start":{"line":376,"column":21},"end":{"line":376,"column":null}},"103":{"start":{"line":377,"column":8},"end":{"line":377,"column":null}},"104":{"start":{"line":380,"column":6},"end":{"line":380,"column":null}},"105":{"start":{"line":382,"column":6},"end":{"line":382,"column":null}}},"fnMap":{"0":{"name":"(anonymous_0)","decl":{"start":{"line":53,"column":2},"end":{"line":53,"column":14}},"loc":{"start":{"line":53,"column":42},"end":{"line":59,"column":null}},"line":53},"1":{"name":"(anonymous_1)","decl":{"start":{"line":64,"column":2},"end":{"line":64,"column":16}},"loc":{"start":{"line":64,"column":44},"end":{"line":70,"column":null}},"line":64},"2":{"name":"(anonymous_2)","decl":{"start":{"line":75,"column":10},"end":{"line":75,"column":17}},"loc":{"start":{"line":75,"column":39},"end":{"line":78,"column":null}},"line":75},"3":{"name":"(anonymous_3)","decl":{"start":{"line":83,"column":10},"end":{"line":83,"column":23}},"loc":{"start":{"line":83,"column":65},"end":{"line":99,"column":null}},"line":83},"4":{"name":"(anonymous_4)","decl":{"start":{"line":104,"column":10},"end":{"line":104,"column":null}},"loc":{"start":{"line":107,"column":58},"end":{"line":130,"column":null}},"line":107},"5":{"name":"(anonymous_5)","decl":{"start":{"line":111,"column":33},"end":{"line":111,"column":39}},"loc":{"start":{"line":111,"column":39},"end":{"line":113,"column":7}},"line":111},"6":{"name":"(anonymous_6)","decl":{"start":{"line":120,"column":41},"end":{"line":120,"column":47}},"loc":{"start":{"line":120,"column":47},"end":{"line":122,"column":9}},"line":120},"7":{"name":"(anonymous_7)","decl":{"start":{"line":128,"column":15},"end":{"line":128,"column":21}},"loc":{"start":{"line":128,"column":21},"end":{"line":128,"column":null}},"line":128},"8":{"name":"(anonymous_8)","decl":{"start":{"line":135,"column":16},"end":{"line":135,"column":null}},"loc":{"start":{"line":140,"column":16},"end":{"line":254,"column":null}},"line":140},"9":{"name":"(anonymous_9)","decl":{"start":{"line":160,"column":61},"end":{"line":160,"column":68}},"loc":{"start":{"line":160,"column":89},"end":{"line":162,"column":5}},"line":160},"10":{"name":"(anonymous_10)","decl":{"start":{"line":167,"column":22},"end":{"line":167,"column":63}},"loc":{"start":{"line":167,"column":63},"end":{"line":235,"column":null}},"line":167},"11":{"name":"(anonymous_11)","decl":{"start":{"line":197,"column":10},"end":{"line":197,"column":17}},"loc":{"start":{"line":197,"column":39},"end":{"line":199,"column":null}},"line":197},"12":{"name":"(anonymous_12)","decl":{"start":{"line":259,"column":8},"end":{"line":259,"column":15}},"loc":{"start":{"line":259,"column":71},"end":{"line":261,"column":null}},"line":259},"13":{"name":"(anonymous_13)","decl":{"start":{"line":266,"column":8},"end":{"line":266,"column":16}},"loc":{"start":{"line":266,"column":88},"end":{"line":268,"column":null}},"line":266},"14":{"name":"(anonymous_14)","decl":{"start":{"line":273,"column":8},"end":{"line":273,"column":15}},"loc":{"start":{"line":273,"column":87},"end":{"line":275,"column":null}},"line":273},"15":{"name":"(anonymous_15)","decl":{"start":{"line":280,"column":8},"end":{"line":280,"column":17}},"loc":{"start":{"line":280,"column":89},"end":{"line":282,"column":null}},"line":280},"16":{"name":"(anonymous_16)","decl":{"start":{"line":287,"column":8},"end":{"line":287,"column":18}},"loc":{"start":{"line":287,"column":74},"end":{"line":289,"column":null}},"line":287},"17":{"name":"(anonymous_17)","decl":{"start":{"line":294,"column":8},"end":{"line":294,"column":null}},"loc":{"start":{"line":301,"column":16},"end":{"line":384,"column":null}},"line":301},"18":{"name":"(anonymous_18)","decl":{"start":{"line":322,"column":36},"end":{"line":322,"column":37}},"loc":{"start":{"line":322,"column":57},"end":{"line":364,"column":9}},"line":322},"19":{"name":"(anonymous_19)","decl":{"start":{"line":325,"column":50},"end":{"line":325,"column":51}},"loc":{"start":{"line":325,"column":61},"end":{"line":329,"column":11}},"line":325},"20":{"name":"(anonymous_20)","decl":{"start":{"line":331,"column":39},"end":{"line":331,"column":45}},"loc":{"start":{"line":331,"column":45},"end":{"line":341,"column":11}},"line":331},"21":{"name":"(anonymous_21)","decl":{"start":{"line":343,"column":40},"end":{"line":343,"column":46}},"loc":{"start":{"line":343,"column":46},"end":{"line":345,"column":11}},"line":343},"22":{"name":"(anonymous_22)","decl":{"start":{"line":347,"column":40},"end":{"line":347,"column":46}},"loc":{"start":{"line":347,"column":46},"end":{"line":349,"column":11}},"line":347},"23":{"name":"(anonymous_23)","decl":{"start":{"line":354,"column":26},"end":{"line":354,"column":27}},"loc":{"start":{"line":354,"column":42},"end":{"line":356,"column":11}},"line":354},"24":{"name":"(anonymous_24)","decl":{"start":{"line":361,"column":54},"end":{"line":361,"column":60}},"loc":{"start":{"line":361,"column":60},"end":{"line":363,"column":11}},"line":361}},"branchMap":{"0":{"loc":{"start":{"line":55,"column":19},"end":{"line":55,"column":null}},"type":"binary-expr","locations":[{"start":{"line":55,"column":19},"end":{"line":55,"column":38}},{"start":{"line":55,"column":38},"end":{"line":55,"column":null}}],"line":55},"1":{"loc":{"start":{"line":56,"column":23},"end":{"line":56,"column":null}},"type":"binary-expr","locations":[{"start":{"line":56,"column":23},"end":{"line":56,"column":40}},{"start":{"line":56,"column":40},"end":{"line":56,"column":null}}],"line":56},"2":{"loc":{"start":{"line":57,"column":26},"end":{"line":57,"column":null}},"type":"binary-expr","locations":[{"start":{"line":57,"column":26},"end":{"line":57,"column":45}},{"start":{"line":57,"column":45},"end":{"line":57,"column":null}}],"line":57},"3":{"loc":{"start":{"line":65,"column":4},"end":{"line":69,"column":null}},"type":"if","locations":[{"start":{"line":65,"column":4},"end":{"line":69,"column":null}},{"start":{"line":67,"column":11},"end":{"line":69,"column":null}}],"line":65},"4":{"loc":{"start":{"line":76,"column":22},"end":{"line":76,"column":null}},"type":"cond-expr","locations":[{"start":{"line":76,"column":45},"end":{"line":76,"column":52}},{"start":{"line":76,"column":52},"end":{"line":76,"column":null}}],"line":76},"5":{"loc":{"start":{"line":92,"column":4},"end":{"line":96,"column":null}},"type":"if","locations":[{"start":{"line":92,"column":4},"end":{"line":96,"column":null}},{"start":{},"end":{}}],"line":92},"6":{"loc":{"start":{"line":116,"column":4},"end":{"line":124,"column":null}},"type":"if","locations":[{"start":{"line":116,"column":4},"end":{"line":124,"column":null}},{"start":{},"end":{}}],"line":116},"7":{"loc":{"start":{"line":117,"column":6},"end":{"line":123,"column":null}},"type":"if","locations":[{"start":{"line":117,"column":6},"end":{"line":123,"column":null}},{"start":{"line":119,"column":13},"end":{"line":123,"column":null}}],"line":117},"8":{"loc":{"start":{"line":143,"column":20},"end":{"line":143,"column":null}},"type":"binary-expr","locations":[{"start":{"line":143,"column":20},"end":{"line":143,"column":40}},{"start":{"line":143,"column":40},"end":{"line":143,"column":null}}],"line":143},"9":{"loc":{"start":{"line":146,"column":4},"end":{"line":148,"column":null}},"type":"if","locations":[{"start":{"line":146,"column":4},"end":{"line":148,"column":null}},{"start":{},"end":{}}],"line":146},"10":{"loc":{"start":{"line":146,"column":8},"end":{"line":146,"column":60}},"type":"binary-expr","locations":[{"start":{"line":146,"column":8},"end":{"line":146,"column":30}},{"start":{"line":146,"column":30},"end":{"line":146,"column":60}}],"line":146},"11":{"loc":{"start":{"line":172,"column":16},"end":{"line":172,"column":null}},"type":"cond-expr","locations":[{"start":{"line":172,"column":44},"end":{"line":172,"column":74}},{"start":{"line":172,"column":74},"end":{"line":172,"column":null}}],"line":172},"12":{"loc":{"start":{"line":180,"column":8},"end":{"line":184,"column":null}},"type":"if","locations":[{"start":{"line":180,"column":8},"end":{"line":184,"column":null}},{"start":{"line":182,"column":15},"end":{"line":184,"column":null}}],"line":180},"13":{"loc":{"start":{"line":203,"column":8},"end":{"line":205,"column":null}},"type":"if","locations":[{"start":{"line":203,"column":8},"end":{"line":205,"column":null}},{"start":{},"end":{}}],"line":203},"14":{"loc":{"start":{"line":210,"column":8},"end":{"line":222,"column":null}},"type":"if","locations":[{"start":{"line":210,"column":8},"end":{"line":222,"column":null}},{"start":{},"end":{}}],"line":210},"15":{"loc":{"start":{"line":211,"column":10},"end":{"line":216,"column":null}},"type":"if","locations":[{"start":{"line":211,"column":10},"end":{"line":216,"column":null}},{"start":{},"end":{}}],"line":211},"16":{"loc":{"start":{"line":211,"column":14},"end":{"line":211,"column":82}},"type":"binary-expr","locations":[{"start":{"line":211,"column":14},"end":{"line":211,"column":45}},{"start":{"line":211,"column":45},"end":{"line":211,"column":82}}],"line":211},"17":{"loc":{"start":{"line":213,"column":14},"end":{"line":213,"column":null}},"type":"cond-expr","locations":[{"start":{"line":213,"column":52},"end":{"line":213,"column":74}},{"start":{"line":213,"column":74},"end":{"line":213,"column":null}}],"line":213},"18":{"loc":{"start":{"line":214,"column":14},"end":{"line":214,"column":null}},"type":"cond-expr","locations":[{"start":{"line":214,"column":52},"end":{"line":214,"column":64}},{"start":{"line":214,"column":64},"end":{"line":214,"column":null}}],"line":214},"19":{"loc":{"start":{"line":219,"column":10},"end":{"line":221,"column":null}},"type":"if","locations":[{"start":{"line":219,"column":10},"end":{"line":221,"column":null}},{"start":{},"end":{}}],"line":219},"20":{"loc":{"start":{"line":219,"column":14},"end":{"line":219,"column":88}},"type":"binary-expr","locations":[{"start":{"line":219,"column":14},"end":{"line":219,"column":53}},{"start":{"line":219,"column":53},"end":{"line":219,"column":88}}],"line":219},"21":{"loc":{"start":{"line":225,"column":8},"end":{"line":227,"column":null}},"type":"if","locations":[{"start":{"line":225,"column":8},"end":{"line":227,"column":null}},{"start":{},"end":{}}],"line":225},"22":{"loc":{"start":{"line":231,"column":10},"end":{"line":231,"column":null}},"type":"cond-expr","locations":[{"start":{"line":231,"column":35},"end":{"line":231,"column":51}},{"start":{"line":231,"column":51},"end":{"line":231,"column":null}}],"line":231},"23":{"loc":{"start":{"line":241,"column":6},"end":{"line":248,"column":null}},"type":"if","locations":[{"start":{"line":241,"column":6},"end":{"line":248,"column":null}},{"start":{"line":243,"column":13},"end":{"line":248,"column":null}}],"line":241},"24":{"loc":{"start":{"line":241,"column":10},"end":{"line":241,"column":60}},"type":"binary-expr","locations":[{"start":{"line":241,"column":10},"end":{"line":241,"column":32}},{"start":{"line":241,"column":32},"end":{"line":241,"column":60}}],"line":241},"25":{"loc":{"start":{"line":304,"column":20},"end":{"line":304,"column":null}},"type":"binary-expr","locations":[{"start":{"line":304,"column":20},"end":{"line":304,"column":40}},{"start":{"line":304,"column":40},"end":{"line":304,"column":null}}],"line":304},"26":{"loc":{"start":{"line":310,"column":4},"end":{"line":312,"column":null}},"type":"if","locations":[{"start":{"line":310,"column":4},"end":{"line":312,"column":null}},{"start":{},"end":{}}],"line":310},"27":{"loc":{"start":{"line":321,"column":6},"end":{"line":365,"column":null}},"type":"if","locations":[{"start":{"line":321,"column":6},"end":{"line":365,"column":null}},{"start":{},"end":{}}],"line":321},"28":{"loc":{"start":{"line":321,"column":10},"end":{"line":321,"column":72}},"type":"binary-expr","locations":[{"start":{"line":321,"column":10},"end":{"line":321,"column":51}},{"start":{"line":321,"column":51},"end":{"line":321,"column":72}}],"line":321},"29":{"loc":{"start":{"line":326,"column":12},"end":{"line":328,"column":null}},"type":"if","locations":[{"start":{"line":326,"column":12},"end":{"line":328,"column":null}},{"start":{},"end":{}}],"line":326},"30":{"loc":{"start":{"line":326,"column":16},"end":{"line":326,"column":62}},"type":"binary-expr","locations":[{"start":{"line":326,"column":16},"end":{"line":326,"column":42}},{"start":{"line":326,"column":42},"end":{"line":326,"column":62}}],"line":326},"31":{"loc":{"start":{"line":332,"column":12},"end":{"line":340,"column":null}},"type":"if","locations":[{"start":{"line":332,"column":12},"end":{"line":340,"column":null}},{"start":{"line":338,"column":19},"end":{"line":340,"column":null}}],"line":332},"32":{"loc":{"start":{"line":332,"column":16},"end":{"line":332,"column":55}},"type":"binary-expr","locations":[{"start":{"line":332,"column":16},"end":{"line":332,"column":37}},{"start":{"line":332,"column":37},"end":{"line":332,"column":55}}],"line":332},"33":{"loc":{"start":{"line":375,"column":6},"end":{"line":378,"column":null}},"type":"if","locations":[{"start":{"line":375,"column":6},"end":{"line":378,"column":null}},{"start":{},"end":{}}],"line":375}},"s":{"0":18,"1":18,"2":18,"3":18,"4":18,"5":3,"6":2,"7":1,"8":9,"9":9,"10":9,"11":9,"12":1,"13":9,"14":0,"15":0,"16":9,"17":9,"18":9,"19":0,"20":9,"21":0,"22":0,"23":0,"24":0,"25":9,"26":9,"27":9,"28":9,"29":9,"30":9,"31":1,"32":9,"33":9,"34":1,"35":9,"36":9,"37":9,"38":9,"39":8,"40":8,"41":7,"42":1,"43":8,"44":8,"45":1,"46":8,"47":1,"48":7,"49":2,"50":2,"51":0,"52":2,"53":1,"54":1,"55":1,"56":0,"57":9,"58":9,"59":9,"60":0,"61":7,"62":9,"63":8,"64":1,"65":0,"66":0,"67":0,"68":0,"69":0,"70":0,"71":0,"72":0,"73":0,"74":0,"75":0,"76":0,"77":0,"78":0,"79":0,"80":0,"81":0,"82":0,"83":0,"84":0,"85":0,"86":0,"87":0,"88":0,"89":0,"90":0,"91":0,"92":0,"93":0,"94":0,"95":0,"96":0,"97":0,"98":0,"99":0,"100":0,"101":0,"102":0,"103":0,"104":0,"105":0},"f":{"0":18,"1":3,"2":9,"3":9,"4":9,"5":0,"6":0,"7":9,"8":9,"9":1,"10":9,"11":1,"12":8,"13":1,"14":0,"15":0,"16":0,"17":0,"18":0,"19":0,"20":0,"21":0,"22":0,"23":0,"24":0},"b":{"0":[18,2],"1":[18,2],"2":[18,13],"3":[2,1],"4":[9,0],"5":[0,9],"6":[0,9],"7":[0,0],"8":[9,9],"9":[1,8],"10":[9,1],"11":[1,8],"12":[7,1],"13":[1,7],"14":[2,0],"15":[0,2],"16":[2,2],"17":[0,0],"18":[0,0],"19":[1,1],"20":[2,1],"21":[1,0],"22":[0,0],"23":[9,0],"24":[9,9],"25":[0,0],"26":[0,0],"27":[0,0],"28":[0,0],"29":[0,0],"30":[0,0],"31":[0,0],"32":[0,0],"33":[0,0]},"meta":{"lastBranch":34,"lastFunction":25,"lastStatement":106,"seen":{"f:53:2:53:14":0,"s:54:4:54:Infinity":0,"s:55:4:55:Infinity":1,"b:55:19:55:38:55:38:55:Infinity":0,"s:56:4:56:Infinity":2,"b:56:23:56:40:56:40:56:Infinity":1,"s:57:4:57:Infinity":3,"b:57:26:57:45:57:45:57:Infinity":2,"s:58:4:58:Infinity":4,"f:64:2:64:16":1,"b:65:4:69:Infinity:67:11:69:Infinity":3,"s:65:4:69:Infinity":5,"s:66:6:66:Infinity":6,"s:68:6:68:Infinity":7,"f:75:10:75:17":2,"s:76:22:76:Infinity":8,"b:76:45:76:52:76:52:76:Infinity":4,"s:77:4:77:Infinity":9,"f:83:10:83:23":3,"s:84:20:84:Infinity":10,"s:87:4:89:Infinity":11,"s:88:6:88:Infinity":12,"b:92:4:96:Infinity:undefined:undefined:undefined:undefined":5,"s:92:4:96:Infinity":13,"s:93:6:95:Infinity":14,"s:94:8:94:Infinity":15,"s:98:4:98:Infinity":16,"f:104:10:104:Infinity":4,"s:108:23:108:Infinity":17,"s:111:22:113:Infinity":18,"f:111:33:111:39":5,"s:112:6:112:Infinity":19,"b:116:4:124:Infinity:undefined:undefined:undefined:undefined":6,"s:116:4:124:Infinity":20,"b:117:6:123:Infinity:119:13:123:Infinity":7,"s:117:6:123:Infinity":21,"s:118:8:118:Infinity":22,"s:120:8:122:Infinity":23,"f:120:41:120:47":6,"s:121:10:121:Infinity":24,"s:126:4:129:Infinity":25,"f:128:15:128:21":7,"s:128:21:128:Infinity":26,"f:135:16:135:Infinity":8,"s:141:16:141:Infinity":27,"s:142:20:142:Infinity":28,"s:143:20:143:Infinity":29,"b:143:20:143:40:143:40:143:Infinity":8,"b:146:4:148:Infinity:undefined:undefined:undefined:undefined":9,"s:146:4:148:Infinity":30,"b:146:8:146:30:146:30:146:60":10,"s:147:6:147:Infinity":31,"s:151:32:157:Infinity":32,"s:160:4:162:Infinity":33,"f:160:61:160:68":9,"s:161:6:161:Infinity":34,"s:165:36:165:Infinity":35,"s:167:22:235:Infinity":36,"f:167:22:167:63":10,"s:168:6:234:Infinity":37,"s:169:25:174:Infinity":38,"b:172:44:172:74:172:74:172:Infinity":11,"s:178:28:178:Infinity":39,"b:180:8:184:Infinity:182:15:184:Infinity":12,"s:180:8:184:Infinity":40,"s:181:10:181:Infinity":41,"s:183:10:183:Infinity":42,"s:187:44:192:Infinity":43,"s:195:26:200:Infinity":44,"f:197:10:197:17":11,"s:198:12:198:Infinity":45,"b:203:8:205:Infinity:undefined:undefined:undefined:undefined":13,"s:203:8:205:Infinity":46,"s:204:10:204:Infinity":47,"s:207:8:207:Infinity":48,"b:210:8:222:Infinity:undefined:undefined:undefined:undefined":14,"s:210:8:222:Infinity":49,"b:211:10:216:Infinity:undefined:undefined:undefined:undefined":15,"s:211:10:216:Infinity":50,"b:211:14:211:45:211:45:211:82":16,"s:212:12:215:Infinity":51,"b:213:52:213:74:213:74:213:Infinity":17,"b:214:52:214:64:214:64:214:Infinity":18,"b:219:10:221:Infinity:undefined:undefined:undefined:undefined":19,"s:219:10:221:Infinity":52,"b:219:14:219:53:219:53:219:88":20,"s:220:12:220:Infinity":53,"b:225:8:227:Infinity:undefined:undefined:undefined:undefined":21,"s:225:8:227:Infinity":54,"s:226:10:226:Infinity":55,"s:230:8:233:Infinity":56,"b:231:35:231:51:231:51:231:Infinity":22,"s:237:4:253:Infinity":57,"b:241:6:248:Infinity:243:13:248:Infinity":23,"s:241:6:248:Infinity":58,"b:241:10:241:32:241:32:241:60":24,"s:242:8:242:Infinity":59,"s:244:8:247:Infinity":60,"s:250:6:250:Infinity":61,"s:252:6:252:Infinity":62,"f:259:8:259:15":12,"s:260:4:260:Infinity":63,"f:266:8:266:16":13,"s:267:4:267:Infinity":64,"f:273:8:273:15":14,"s:274:4:274:Infinity":65,"f:280:8:280:17":15,"s:281:4:281:Infinity":66,"f:287:8:287:18":16,"s:288:4:288:Infinity":67,"f:294:8:294:Infinity":17,"s:302:16:302:Infinity":68,"s:303:20:303:Infinity":69,"s:304:20:304:Infinity":70,"b:304:20:304:40:304:40:304:Infinity":25,"s:307:21:307:Infinity":71,"s:308:4:308:Infinity":72,"b:310:4:312:Infinity:undefined:undefined:undefined:undefined":26,"s:310:4:312:Infinity":73,"s:311:6:311:Infinity":74,"s:315:4:315:Infinity":75,"s:317:36:317:Infinity":76,"s:319:4:383:Infinity":77,"b:321:6:365:Infinity:undefined:undefined:undefined:undefined":27,"s:321:6:365:Infinity":78,"b:321:10:321:51:321:51:321:72":28,"s:322:8:364:Infinity":79,"f:322:36:322:37":18,"s:323:22:323:Infinity":80,"s:325:10:329:Infinity":81,"f:325:50:325:51":19,"b:326:12:328:Infinity:undefined:undefined:undefined:undefined":29,"s:326:12:328:Infinity":82,"b:326:16:326:42:326:42:326:62":30,"s:327:14:327:Infinity":83,"s:331:10:341:Infinity":84,"f:331:39:331:45":20,"b:332:12:340:Infinity:338:19:340:Infinity":31,"s:332:12:340:Infinity":85,"b:332:16:332:37:332:37:332:55":32,"s:333:14:337:Infinity":86,"s:334:16:334:Infinity":87,"s:336:16:336:Infinity":88,"s:339:14:339:Infinity":89,"s:343:10:345:Infinity":90,"f:343:40:343:46":21,"s:344:12:344:Infinity":91,"s:347:10:349:Infinity":92,"f:347:40:347:46":22,"s:348:12:348:Infinity":93,"s:351:10:351:Infinity":94,"s:354:10:356:Infinity":95,"f:354:26:354:27":23,"s:355:12:355:Infinity":96,"s:358:10:358:Infinity":97,"s:361:10:363:Infinity":98,"f:361:54:361:60":24,"s:362:12:362:Infinity":99,"s:368:23:373:Infinity":100,"b:375:6:378:Infinity:undefined:undefined:undefined:undefined":33,"s:375:6:378:Infinity":101,"s:376:21:376:Infinity":102,"s:377:8:377:Infinity":103,"s:380:6:380:Infinity":104,"s:382:6:382:Infinity":105}}}
,"/Users/berkeucvet/Developer/berke/swiftbase/swiftbase-sdk/src/core/interceptors.ts": {"path":"/Users/berkeucvet/Developer/berke/swiftbase/swiftbase-sdk/src/core/interceptors.ts","statementMap":{"0":{"start":{"line":50,"column":7},"end":{"line":50,"column":null}},"1":{"start":{"line":59,"column":4},"end":{"line":59,"column":null}},"2":{"start":{"line":60,"column":4},"end":{"line":60,"column":null}},"3":{"start":{"line":67,"column":4},"end":{"line":70,"column":null}},"4":{"start":{"line":69,"column":6},"end":{"line":69,"column":null}},"5":{"start":{"line":77,"column":4},"end":{"line":77,"column":null}},"6":{"start":{"line":87,"column":17},"end":{"line":87,"column":null}},"7":{"start":{"line":89,"column":4},"end":{"line":100,"column":null}},"8":{"start":{"line":90,"column":6},"end":{"line":99,"column":null}},"9":{"start":{"line":91,"column":8},"end":{"line":98,"column":null}},"10":{"start":{"line":92,"column":10},"end":{"line":92,"column":null}},"11":{"start":{"line":94,"column":10},"end":{"line":96,"column":null}},"12":{"start":{"line":95,"column":12},"end":{"line":95,"column":null}},"13":{"start":{"line":97,"column":10},"end":{"line":97,"column":null}},"14":{"start":{"line":102,"column":4},"end":{"line":102,"column":null}},"15":{"start":{"line":109,"column":4},"end":{"line":109,"column":null}},"16":{"start":{"line":125,"column":2},"end":{"line":128,"column":null}}},"fnMap":{"0":{"name":"(anonymous_0)","decl":{"start":{"line":58,"column":2},"end":{"line":58,"column":6}},"loc":{"start":{"line":58,"column":57},"end":{"line":61,"column":null}},"line":58},"1":{"name":"(anonymous_1)","decl":{"start":{"line":66,"column":2},"end":{"line":66,"column":8}},"loc":{"start":{"line":66,"column":26},"end":{"line":71,"column":null}},"line":66},"2":{"name":"(anonymous_2)","decl":{"start":{"line":76,"column":2},"end":{"line":76,"column":16}},"loc":{"start":{"line":76,"column":16},"end":{"line":78,"column":null}},"line":76},"3":{"name":"(anonymous_3)","decl":{"start":{"line":83,"column":8},"end":{"line":83,"column":null}},"loc":{"start":{"line":86,"column":16},"end":{"line":103,"column":null}},"line":86},"4":{"name":"(anonymous_4)","decl":{"start":{"line":108,"column":2},"end":{"line":108,"column":82}},"loc":{"start":{"line":108,"column":82},"end":{"line":110,"column":null}},"line":108},"5":{"name":"createInterceptors","decl":{"start":{"line":124,"column":16},"end":{"line":124,"column":51}},"loc":{"start":{"line":124,"column":51},"end":{"line":129,"column":null}},"line":124}},"branchMap":{"0":{"loc":{"start":{"line":67,"column":4},"end":{"line":70,"column":null}},"type":"if","locations":[{"start":{"line":67,"column":4},"end":{"line":70,"column":null}},{"start":{},"end":{}}],"line":67},"1":{"loc":{"start":{"line":90,"column":6},"end":{"line":99,"column":null}},"type":"if","locations":[{"start":{"line":90,"column":6},"end":{"line":99,"column":null}},{"start":{},"end":{}}],"line":90},"2":{"loc":{"start":{"line":94,"column":10},"end":{"line":96,"column":null}},"type":"if","locations":[{"start":{"line":94,"column":10},"end":{"line":96,"column":null}},{"start":{},"end":{}}],"line":94}},"s":{"0":53,"1":21,"2":21,"3":4,"4":3,"5":1,"6":26,"7":26,"8":13,"9":11,"10":11,"11":2,"12":1,"13":1,"14":24,"15":1,"16":21},"f":{"0":21,"1":4,"2":1,"3":26,"4":1,"5":21},"b":{"0":[3,1],"1":[11,2],"2":[1,1]},"meta":{"lastBranch":3,"lastFunction":6,"lastStatement":17,"seen":{"s:50:7:50:Infinity":0,"f:58:2:58:6":0,"s:59:4:59:Infinity":1,"s:60:4:60:Infinity":2,"f:66:2:66:8":1,"b:67:4:70:Infinity:undefined:undefined:undefined:undefined":0,"s:67:4:70:Infinity":3,"s:69:6:69:Infinity":4,"f:76:2:76:16":2,"s:77:4:77:Infinity":5,"f:83:8:83:Infinity":3,"s:87:17:87:Infinity":6,"s:89:4:100:Infinity":7,"b:90:6:99:Infinity:undefined:undefined:undefined:undefined":1,"s:90:6:99:Infinity":8,"s:91:8:98:Infinity":9,"s:92:10:92:Infinity":10,"b:94:10:96:Infinity:undefined:undefined:undefined:undefined":2,"s:94:10:96:Infinity":11,"s:95:12:95:Infinity":12,"s:97:10:97:Infinity":13,"s:102:4:102:Infinity":14,"f:108:2:108:82":4,"s:109:4:109:Infinity":15,"f:124:16:124:51":5,"s:125:2:128:Infinity":16}}}
,"/Users/berkeucvet/Developer/berke/swiftbase/swiftbase-sdk/src/core/retry.ts": {"path":"/Users/berkeucvet/Developer/berke/swiftbase/swiftbase-sdk/src/core/retry.ts","statementMap":{"0":{"start":{"line":22,"column":49},"end":{"line":28,"column":null}},"1":{"start":{"line":39,"column":2},"end":{"line":51,"column":null}},"2":{"start":{"line":41,"column":6},"end":{"line":41,"column":null}},"3":{"start":{"line":42,"column":6},"end":{"line":42,"column":null}},"4":{"start":{"line":44,"column":6},"end":{"line":44,"column":null}},"5":{"start":{"line":45,"column":6},"end":{"line":45,"column":null}},"6":{"start":{"line":47,"column":6},"end":{"line":47,"column":null}},"7":{"start":{"line":48,"column":6},"end":{"line":48,"column":null}},"8":{"start":{"line":50,"column":6},"end":{"line":50,"column":null}},"9":{"start":{"line":54,"column":17},"end":{"line":54,"column":null}},"10":{"start":{"line":55,"column":2},"end":{"line":55,"column":null}},"11":{"start":{"line":57,"column":2},"end":{"line":57,"column":null}},"12":{"start":{"line":69,"column":2},"end":{"line":71,"column":null}},"13":{"start":{"line":70,"column":4},"end":{"line":70,"column":null}},"14":{"start":{"line":74,"column":2},"end":{"line":76,"column":null}},"15":{"start":{"line":75,"column":4},"end":{"line":75,"column":null}},"16":{"start":{"line":78,"column":2},"end":{"line":78,"column":null}},"17":{"start":{"line":85,"column":2},"end":{"line":85,"column":null}},"18":{"start":{"line":85,"column":34},"end":{"line":85,"column":57}},"19":{"start":{"line":95,"column":34},"end":{"line":95,"column":null}},"20":{"start":{"line":99,"column":2},"end":{"line":120,"column":null}},"21":{"start":{"line":99,"column":21},"end":{"line":99,"column":24}},"22":{"start":{"line":100,"column":4},"end":{"line":119,"column":null}},"23":{"start":{"line":101,"column":6},"end":{"line":101,"column":null}},"24":{"start":{"line":103,"column":6},"end":{"line":103,"column":null}},"25":{"start":{"line":106,"column":6},"end":{"line":108,"column":null}},"26":{"start":{"line":107,"column":8},"end":{"line":107,"column":null}},"27":{"start":{"line":111,"column":28},"end":{"line":111,"column":null}},"28":{"start":{"line":112,"column":6},"end":{"line":114,"column":null}},"29":{"start":{"line":113,"column":8},"end":{"line":113,"column":null}},"30":{"start":{"line":117,"column":20},"end":{"line":117,"column":null}},"31":{"start":{"line":118,"column":6},"end":{"line":118,"column":null}},"32":{"start":{"line":123,"column":2},"end":{"line":123,"column":null}}},"fnMap":{"0":{"name":"calculateDelay","decl":{"start":{"line":33,"column":16},"end":{"line":33,"column":null}},"loc":{"start":{"line":36,"column":10},"end":{"line":58,"column":null}},"line":36},"1":{"name":"shouldRetry","decl":{"start":{"line":63,"column":16},"end":{"line":63,"column":null}},"loc":{"start":{"line":67,"column":11},"end":{"line":79,"column":null}},"line":67},"2":{"name":"sleep","decl":{"start":{"line":84,"column":16},"end":{"line":84,"column":22}},"loc":{"start":{"line":84,"column":49},"end":{"line":86,"column":null}},"line":84},"3":{"name":"(anonymous_3)","decl":{"start":{"line":85,"column":21},"end":{"line":85,"column":22}},"loc":{"start":{"line":85,"column":34},"end":{"line":85,"column":57}},"line":85},"4":{"name":"withRetry","decl":{"start":{"line":91,"column":22},"end":{"line":91,"column":null}},"loc":{"start":{"line":94,"column":14},"end":{"line":124,"column":null}},"line":94}},"branchMap":{"0":{"loc":{"start":{"line":39,"column":2},"end":{"line":51,"column":null}},"type":"switch","locations":[{"start":{"line":40,"column":4},"end":{"line":42,"column":null}},{"start":{"line":43,"column":4},"end":{"line":45,"column":null}},{"start":{"line":46,"column":4},"end":{"line":48,"column":null}},{"start":{"line":49,"column":4},"end":{"line":50,"column":null}}],"line":39},"1":{"loc":{"start":{"line":69,"column":2},"end":{"line":71,"column":null}},"type":"if","locations":[{"start":{"line":69,"column":2},"end":{"line":71,"column":null}},{"start":{},"end":{}}],"line":69},"2":{"loc":{"start":{"line":74,"column":2},"end":{"line":76,"column":null}},"type":"if","locations":[{"start":{"line":74,"column":2},"end":{"line":76,"column":null}},{"start":{},"end":{}}],"line":74},"3":{"loc":{"start":{"line":93,"column":2},"end":{"line":93,"column":null}},"type":"default-arg","locations":[{"start":{"line":93,"column":33},"end":{"line":93,"column":null}}],"line":93},"4":{"loc":{"start":{"line":106,"column":6},"end":{"line":108,"column":null}},"type":"if","locations":[{"start":{"line":106,"column":6},"end":{"line":108,"column":null}},{"start":{},"end":{}}],"line":106},"5":{"loc":{"start":{"line":106,"column":10},"end":{"line":106,"column":67}},"type":"binary-expr","locations":[{"start":{"line":106,"column":10},"end":{"line":106,"column":19}},{"start":{"line":106,"column":19},"end":{"line":106,"column":48}},{"start":{"line":106,"column":48},"end":{"line":106,"column":67}}],"line":106},"6":{"loc":{"start":{"line":112,"column":6},"end":{"line":114,"column":null}},"type":"if","locations":[{"start":{"line":112,"column":6},"end":{"line":114,"column":null}},{"start":{},"end":{}}],"line":112},"7":{"loc":{"start":{"line":112,"column":10},"end":{"line":112,"column":76}},"type":"binary-expr","locations":[{"start":{"line":112,"column":10},"end":{"line":112,"column":27}},{"start":{"line":112,"column":27},"end":{"line":112,"column":76}}],"line":112},"8":{"loc":{"start":{"line":123,"column":8},"end":{"line":123,"column":null}},"type":"binary-expr","locations":[{"start":{"line":123,"column":8},"end":{"line":123,"column":21}},{"start":{"line":123,"column":21},"end":{"line":123,"column":null}}],"line":123}},"s":{"0":3,"1":14,"2":9,"3":9,"4":2,"5":2,"6":3,"7":3,"8":0,"9":14,"10":14,"11":14,"12":21,"13":5,"14":16,"15":15,"16":1,"17":6,"18":6,"19":5,"20":5,"21":5,"22":10,"23":10,"24":7,"25":7,"26":7,"27":7,"28":7,"29":2,"30":5,"31":5,"32":0},"f":{"0":14,"1":21,"2":6,"3":6,"4":5},"b":{"0":[9,2,3,0],"1":[5,16],"2":[15,1],"3":[5],"4":[7,0],"5":[7,7,7],"6":[2,5],"7":[7,6],"8":[0,0]},"meta":{"lastBranch":9,"lastFunction":5,"lastStatement":33,"seen":{"s:22:49:28:Infinity":0,"f:33:16:33:Infinity":0,"b:40:4:42:Infinity:43:4:45:Infinity:46:4:48:Infinity:49:4:50:Infinity":0,"s:39:2:51:Infinity":1,"s:41:6:41:Infinity":2,"s:42:6:42:Infinity":3,"s:44:6:44:Infinity":4,"s:45:6:45:Infinity":5,"s:47:6:47:Infinity":6,"s:48:6:48:Infinity":7,"s:50:6:50:Infinity":8,"s:54:17:54:Infinity":9,"s:55:2:55:Infinity":10,"s:57:2:57:Infinity":11,"f:63:16:63:Infinity":1,"b:69:2:71:Infinity:undefined:undefined:undefined:undefined":1,"s:69:2:71:Infinity":12,"s:70:4:70:Infinity":13,"b:74:2:76:Infinity:undefined:undefined:undefined:undefined":2,"s:74:2:76:Infinity":14,"s:75:4:75:Infinity":15,"s:78:2:78:Infinity":16,"f:84:16:84:22":2,"s:85:2:85:Infinity":17,"f:85:21:85:22":3,"s:85:34:85:57":18,"f:91:22:91:Infinity":4,"b:93:33:93:Infinity":3,"s:95:34:95:Infinity":19,"s:99:2:120:Infinity":20,"s:99:21:99:24":21,"s:100:4:119:Infinity":22,"s:101:6:101:Infinity":23,"s:103:6:103:Infinity":24,"b:106:6:108:Infinity:undefined:undefined:undefined:undefined":4,"s:106:6:108:Infinity":25,"b:106:10:106:19:106:19:106:48:106:48:106:67":5,"s:107:8:107:Infinity":26,"s:111:28:111:Infinity":27,"b:112:6:114:Infinity:undefined:undefined:undefined:undefined":6,"s:112:6:114:Infinity":28,"b:112:10:112:27:112:27:112:76":7,"s:113:8:113:Infinity":29,"s:117:20:117:Infinity":30,"s:118:6:118:Infinity":31,"s:123:2:123:Infinity":32,"b:123:8:123:21:123:21:123:Infinity":8}}}
,"/Users/berkeucvet/Developer/berke/swiftbase/swiftbase-sdk/src/modules/auth/auth.ts": {"path":"/Users/berkeucvet/Developer/berke/swiftbase/swiftbase-sdk/src/modules/auth/auth.ts","statementMap":{"0":{"start":{"line":26,"column":4},"end":{"line":26,"column":null}},"1":{"start":{"line":33,"column":4},"end":{"line":33,"column":null}},"2":{"start":{"line":40,"column":4},"end":{"line":40,"column":null}},"3":{"start":{"line":51,"column":52},"end":{"line":51,"column":null}},"4":{"start":{"line":52,"column":33},"end":{"line":52,"column":null}},"5":{"start":{"line":53,"column":37},"end":{"line":53,"column":null}},"6":{"start":{"line":54,"column":39},"end":{"line":54,"column":null}},"7":{"start":{"line":59,"column":4},"end":{"line":59,"column":null}},"8":{"start":{"line":60,"column":4},"end":{"line":60,"column":null}},"9":{"start":{"line":62,"column":10},"end":{"line":62,"column":null}},"10":{"start":{"line":63,"column":4},"end":{"line":63,"column":null}},"11":{"start":{"line":64,"column":4},"end":{"line":64,"column":null}},"12":{"start":{"line":71,"column":4},"end":{"line":71,"column":null}},"13":{"start":{"line":71,"column":26},"end":{"line":71,"column":null}},"14":{"start":{"line":73,"column":20},"end":{"line":73,"column":null}},"15":{"start":{"line":74,"column":4},"end":{"line":90,"column":null}},"16":{"start":{"line":76,"column":6},"end":{"line":76,"column":null}},"17":{"start":{"line":79,"column":6},"end":{"line":81,"column":null}},"18":{"start":{"line":80,"column":8},"end":{"line":80,"column":null}},"19":{"start":{"line":82,"column":6},"end":{"line":84,"column":null}},"20":{"start":{"line":83,"column":8},"end":{"line":83,"column":null}},"21":{"start":{"line":87,"column":6},"end":{"line":89,"column":null}},"22":{"start":{"line":88,"column":8},"end":{"line":88,"column":null}},"23":{"start":{"line":92,"column":4},"end":{"line":92,"column":null}},"24":{"start":{"line":99,"column":21},"end":{"line":102,"column":null}},"25":{"start":{"line":104,"column":4},"end":{"line":104,"column":null}},"26":{"start":{"line":105,"column":4},"end":{"line":105,"column":null}},"27":{"start":{"line":107,"column":4},"end":{"line":107,"column":null}},"28":{"start":{"line":114,"column":21},"end":{"line":117,"column":null}},"29":{"start":{"line":119,"column":4},"end":{"line":119,"column":null}},"30":{"start":{"line":120,"column":4},"end":{"line":120,"column":null}},"31":{"start":{"line":122,"column":4},"end":{"line":122,"column":null}},"32":{"start":{"line":129,"column":21},"end":{"line":132,"column":null}},"33":{"start":{"line":134,"column":4},"end":{"line":134,"column":null}},"34":{"start":{"line":135,"column":4},"end":{"line":135,"column":null}},"35":{"start":{"line":137,"column":4},"end":{"line":137,"column":null}},"36":{"start":{"line":144,"column":4},"end":{"line":149,"column":null}},"37":{"start":{"line":146,"column":6},"end":{"line":146,"column":null}},"38":{"start":{"line":151,"column":4},"end":{"line":151,"column":null}},"39":{"start":{"line":152,"column":4},"end":{"line":152,"column":null}},"40":{"start":{"line":159,"column":4},"end":{"line":161,"column":null}},"41":{"start":{"line":160,"column":6},"end":{"line":160,"column":null}},"42":{"start":{"line":163,"column":4},"end":{"line":169,"column":null}},"43":{"start":{"line":164,"column":19},"end":{"line":164,"column":null}},"44":{"start":{"line":165,"column":6},"end":{"line":165,"column":null}},"45":{"start":{"line":166,"column":6},"end":{"line":166,"column":null}},"46":{"start":{"line":168,"column":6},"end":{"line":168,"column":null}},"47":{"start":{"line":176,"column":4},"end":{"line":178,"column":null}},"48":{"start":{"line":177,"column":6},"end":{"line":177,"column":null}},"49":{"start":{"line":180,"column":4},"end":{"line":186,"column":null}},"50":{"start":{"line":181,"column":20},"end":{"line":181,"column":null}},"51":{"start":{"line":182,"column":6},"end":{"line":182,"column":null}},"52":{"start":{"line":183,"column":6},"end":{"line":183,"column":null}},"53":{"start":{"line":185,"column":6},"end":{"line":185,"column":null}},"54":{"start":{"line":193,"column":4},"end":{"line":193,"column":null}},"55":{"start":{"line":200,"column":25},"end":{"line":200,"column":null}},"56":{"start":{"line":201,"column":4},"end":{"line":203,"column":null}},"57":{"start":{"line":202,"column":6},"end":{"line":202,"column":null}},"58":{"start":{"line":205,"column":4},"end":{"line":227,"column":null}},"59":{"start":{"line":206,"column":23},"end":{"line":210,"column":null}},"60":{"start":{"line":212,"column":6},"end":{"line":216,"column":null}},"61":{"start":{"line":218,"column":6},"end":{"line":218,"column":null}},"62":{"start":{"line":219,"column":6},"end":{"line":219,"column":null}},"63":{"start":{"line":221,"column":6},"end":{"line":221,"column":null}},"64":{"start":{"line":224,"column":6},"end":{"line":224,"column":null}},"65":{"start":{"line":225,"column":6},"end":{"line":225,"column":null}},"66":{"start":{"line":226,"column":6},"end":{"line":226,"column":null}},"67":{"start":{"line":234,"column":4},"end":{"line":234,"column":null}},"68":{"start":{"line":237,"column":4},"end":{"line":239,"column":null}},"69":{"start":{"line":238,"column":6},"end":{"line":238,"column":null}},"70":{"start":{"line":246,"column":4},"end":{"line":247,"column":null}},"71":{"start":{"line":254,"column":4},"end":{"line":254,"column":null}},"72":{"start":{"line":255,"column":4},"end":{"line":255,"column":null}},"73":{"start":{"line":257,"column":4},"end":{"line":263,"column":null}},"74":{"start":{"line":265,"column":4},"end":{"line":265,"column":null}},"75":{"start":{"line":267,"column":4},"end":{"line":269,"column":null}},"76":{"start":{"line":268,"column":6},"end":{"line":268,"column":null}},"77":{"start":{"line":276,"column":4},"end":{"line":276,"column":null}},"78":{"start":{"line":277,"column":4},"end":{"line":277,"column":null}},"79":{"start":{"line":279,"column":4},"end":{"line":285,"column":null}},"80":{"start":{"line":287,"column":4},"end":{"line":287,"column":null}},"81":{"start":{"line":289,"column":4},"end":{"line":291,"column":null}},"82":{"start":{"line":290,"column":6},"end":{"line":290,"column":null}},"83":{"start":{"line":298,"column":4},"end":{"line":298,"column":null}},"84":{"start":{"line":299,"column":4},"end":{"line":299,"column":null}},"85":{"start":{"line":300,"column":4},"end":{"line":300,"column":null}},"86":{"start":{"line":301,"column":4},"end":{"line":301,"column":null}},"87":{"start":{"line":302,"column":4},"end":{"line":302,"column":null}},"88":{"start":{"line":309,"column":4},"end":{"line":312,"column":null}},"89":{"start":{"line":310,"column":12},"end":{"line":310,"column":null}},"90":{"start":{"line":319,"column":4},"end":{"line":325,"column":null}},"91":{"start":{"line":320,"column":6},"end":{"line":324,"column":null}},"92":{"start":{"line":321,"column":8},"end":{"line":321,"column":null}}},"fnMap":{"0":{"name":"(anonymous_0)","decl":{"start":{"line":25,"column":2},"end":{"line":25,"column":14}},"loc":{"start":{"line":25,"column":26},"end":{"line":27,"column":null}},"line":25},"1":{"name":"(anonymous_1)","decl":{"start":{"line":32,"column":8},"end":{"line":32,"column":14}},"loc":{"start":{"line":32,"column":74},"end":{"line":34,"column":null}},"line":32},"2":{"name":"(anonymous_2)","decl":{"start":{"line":39,"column":8},"end":{"line":39,"column":42}},"loc":{"start":{"line":39,"column":42},"end":{"line":41,"column":null}},"line":39},"3":{"name":"(anonymous_3)","decl":{"start":{"line":58,"column":2},"end":{"line":58,"column":14}},"loc":{"start":{"line":58,"column":52},"end":{"line":65,"column":null}},"line":58},"4":{"name":"(anonymous_4)","decl":{"start":{"line":70,"column":8},"end":{"line":70,"column":36}},"loc":{"start":{"line":70,"column":36},"end":{"line":93,"column":null}},"line":70},"5":{"name":"(anonymous_5)","decl":{"start":{"line":98,"column":8},"end":{"line":98,"column":17}},"loc":{"start":{"line":98,"column":63},"end":{"line":108,"column":null}},"line":98},"6":{"name":"(anonymous_6)","decl":{"start":{"line":113,"column":8},"end":{"line":113,"column":14}},"loc":{"start":{"line":113,"column":64},"end":{"line":123,"column":null}},"line":113},"7":{"name":"(anonymous_7)","decl":{"start":{"line":128,"column":8},"end":{"line":128,"column":19}},"loc":{"start":{"line":128,"column":79},"end":{"line":138,"column":null}},"line":128},"8":{"name":"(anonymous_8)","decl":{"start":{"line":143,"column":8},"end":{"line":143,"column":32}},"loc":{"start":{"line":143,"column":32},"end":{"line":153,"column":null}},"line":143},"9":{"name":"(anonymous_9)","decl":{"start":{"line":158,"column":8},"end":{"line":158,"column":40}},"loc":{"start":{"line":158,"column":40},"end":{"line":170,"column":null}},"line":158},"10":{"name":"(anonymous_10)","decl":{"start":{"line":175,"column":8},"end":{"line":175,"column":42}},"loc":{"start":{"line":175,"column":42},"end":{"line":187,"column":null}},"line":175},"11":{"name":"(anonymous_11)","decl":{"start":{"line":192,"column":2},"end":{"line":192,"column":31}},"loc":{"start":{"line":192,"column":31},"end":{"line":194,"column":null}},"line":192},"12":{"name":"(anonymous_12)","decl":{"start":{"line":199,"column":8},"end":{"line":199,"column":50}},"loc":{"start":{"line":199,"column":50},"end":{"line":228,"column":null}},"line":199},"13":{"name":"(anonymous_13)","decl":{"start":{"line":233,"column":2},"end":{"line":233,"column":20}},"loc":{"start":{"line":233,"column":67},"end":{"line":240,"column":null}},"line":233},"14":{"name":"(anonymous_14)","decl":{"start":{"line":237,"column":11},"end":{"line":237,"column":17}},"loc":{"start":{"line":237,"column":17},"end":{"line":239,"column":null}},"line":237},"15":{"name":"(anonymous_15)","decl":{"start":{"line":245,"column":2},"end":{"line":245,"column":29}},"loc":{"start":{"line":245,"column":29},"end":{"line":248,"column":null}},"line":245},"16":{"name":"(anonymous_16)","decl":{"start":{"line":253,"column":16},"end":{"line":253,"column":35}},"loc":{"start":{"line":253,"column":74},"end":{"line":270,"column":null}},"line":253},"17":{"name":"(anonymous_17)","decl":{"start":{"line":275,"column":16},"end":{"line":275,"column":40}},"loc":{"start":{"line":275,"column":84},"end":{"line":292,"column":null}},"line":275},"18":{"name":"(anonymous_18)","decl":{"start":{"line":297,"column":16},"end":{"line":297,"column":46}},"loc":{"start":{"line":297,"column":46},"end":{"line":303,"column":null}},"line":297},"19":{"name":"(anonymous_19)","decl":{"start":{"line":308,"column":10},"end":{"line":308,"column":35}},"loc":{"start":{"line":308,"column":35},"end":{"line":313,"column":null}},"line":308},"20":{"name":"(anonymous_20)","decl":{"start":{"line":310,"column":6},"end":{"line":310,"column":12}},"loc":{"start":{"line":310,"column":12},"end":{"line":310,"column":null}},"line":310},"21":{"name":"(anonymous_21)","decl":{"start":{"line":310,"column":39},"end":{"line":310,"column":45}},"loc":{"start":{"line":310,"column":45},"end":{"line":310,"column":47}},"line":310},"22":{"name":"(anonymous_22)","decl":{"start":{"line":318,"column":10},"end":{"line":318,"column":20}},"loc":{"start":{"line":318,"column":69},"end":{"line":326,"column":null}},"line":318}},"branchMap":{"0":{"loc":{"start":{"line":62,"column":41},"end":{"line":62,"column":67}},"type":"binary-expr","locations":[{"start":{"line":62,"column":41},"end":{"line":62,"column":59}},{"start":{"line":62,"column":59},"end":{"line":62,"column":67}}],"line":62},"1":{"loc":{"start":{"line":71,"column":4},"end":{"line":71,"column":null}},"type":"if","locations":[{"start":{"line":71,"column":4},"end":{"line":71,"column":null}},{"start":{},"end":{}}],"line":71},"2":{"loc":{"start":{"line":74,"column":4},"end":{"line":90,"column":null}},"type":"if","locations":[{"start":{"line":74,"column":4},"end":{"line":90,"column":null}},{"start":{},"end":{}}],"line":74},"3":{"loc":{"start":{"line":79,"column":6},"end":{"line":81,"column":null}},"type":"if","locations":[{"start":{"line":79,"column":6},"end":{"line":81,"column":null}},{"start":{},"end":{}}],"line":79},"4":{"loc":{"start":{"line":82,"column":6},"end":{"line":84,"column":null}},"type":"if","locations":[{"start":{"line":82,"column":6},"end":{"line":84,"column":null}},{"start":{},"end":{}}],"line":82},"5":{"loc":{"start":{"line":87,"column":6},"end":{"line":89,"column":null}},"type":"if","locations":[{"start":{"line":87,"column":6},"end":{"line":89,"column":null}},{"start":{},"end":{}}],"line":87},"6":{"loc":{"start":{"line":159,"column":4},"end":{"line":161,"column":null}},"type":"if","locations":[{"start":{"line":159,"column":4},"end":{"line":161,"column":null}},{"start":{},"end":{}}],"line":159},"7":{"loc":{"start":{"line":176,"column":4},"end":{"line":178,"column":null}},"type":"if","locations":[{"start":{"line":176,"column":4},"end":{"line":178,"column":null}},{"start":{},"end":{}}],"line":176},"8":{"loc":{"start":{"line":201,"column":4},"end":{"line":203,"column":null}},"type":"if","locations":[{"start":{"line":201,"column":4},"end":{"line":203,"column":null}},{"start":{},"end":{}}],"line":201},"9":{"loc":{"start":{"line":246,"column":11},"end":{"line":247,"column":null}},"type":"binary-expr","locations":[{"start":{"line":246,"column":11},"end":{"line":246,"column":null}},{"start":{"line":247,"column":6},"end":{"line":247,"column":null}}],"line":246},"10":{"loc":{"start":{"line":262,"column":6},"end":{"line":262,"column":null}},"type":"binary-expr","locations":[{"start":{"line":262,"column":6},"end":{"line":262,"column":36}},{"start":{"line":262,"column":36},"end":{"line":262,"column":null}}],"line":262},"11":{"loc":{"start":{"line":267,"column":4},"end":{"line":269,"column":null}},"type":"if","locations":[{"start":{"line":267,"column":4},"end":{"line":269,"column":null}},{"start":{},"end":{}}],"line":267},"12":{"loc":{"start":{"line":284,"column":6},"end":{"line":284,"column":null}},"type":"binary-expr","locations":[{"start":{"line":284,"column":6},"end":{"line":284,"column":36}},{"start":{"line":284,"column":36},"end":{"line":284,"column":null}}],"line":284},"13":{"loc":{"start":{"line":289,"column":4},"end":{"line":291,"column":null}},"type":"if","locations":[{"start":{"line":289,"column":4},"end":{"line":291,"column":null}},{"start":{},"end":{}}],"line":289}},"s":{"0":16,"1":1,"2":0,"3":16,"4":16,"5":16,"6":16,"7":16,"8":16,"9":16,"10":16,"11":16,"12":5,"13":0,"14":5,"15":5,"16":0,"17":0,"18":0,"19":0,"20":0,"21":0,"22":0,"23":5,"24":1,"25":1,"26":1,"27":1,"28":7,"29":7,"30":7,"31":7,"32":1,"33":1,"34":1,"35":1,"36":2,"37":2,"38":2,"39":2,"40":0,"41":0,"42":0,"43":0,"44":0,"45":0,"46":0,"47":0,"48":0,"49":0,"50":0,"51":0,"52":0,"53":0,"54":4,"55":0,"56":0,"57":0,"58":0,"59":0,"60":0,"61":0,"62":0,"63":0,"64":0,"65":0,"66":0,"67":3,"68":3,"69":1,"70":2,"71":8,"72":8,"73":8,"74":8,"75":8,"76":0,"77":1,"78":1,"79":1,"80":1,"81":1,"82":0,"83":2,"84":2,"85":2,"86":2,"87":2,"88":0,"89":0,"90":11,"91":3,"92":3},"f":{"0":16,"1":1,"2":0,"3":16,"4":5,"5":1,"6":7,"7":1,"8":2,"9":0,"10":0,"11":4,"12":0,"13":3,"14":1,"15":2,"16":8,"17":1,"18":2,"19":0,"20":0,"21":0,"22":11},"b":{"0":[16,0],"1":[0,5],"2":[0,5],"3":[0,0],"4":[0,0],"5":[0,0],"6":[0,0],"7":[0,0],"8":[0,0],"9":[2,1],"10":[8,0],"11":[0,8],"12":[1,0],"13":[0,1]},"meta":{"lastBranch":14,"lastFunction":23,"lastStatement":93,"seen":{"f:25:2:25:14":0,"s:26:4:26:Infinity":0,"f:32:8:32:14":1,"s:33:4:33:Infinity":1,"f:39:8:39:42":2,"s:40:4:40:Infinity":2,"s:51:52:51:Infinity":3,"s:52:33:52:Infinity":4,"s:53:37:53:Infinity":5,"s:54:39:54:Infinity":6,"f:58:2:58:14":3,"s:59:4:59:Infinity":7,"s:60:4:60:Infinity":8,"s:62:10:62:Infinity":9,"b:62:41:62:59:62:59:62:67":0,"s:63:4:63:Infinity":10,"s:64:4:64:Infinity":11,"f:70:8:70:36":4,"b:71:4:71:Infinity:undefined:undefined:undefined:undefined":1,"s:71:4:71:Infinity":12,"s:71:26:71:Infinity":13,"s:73:20:73:Infinity":14,"b:74:4:90:Infinity:undefined:undefined:undefined:undefined":2,"s:74:4:90:Infinity":15,"s:76:6:76:Infinity":16,"b:79:6:81:Infinity:undefined:undefined:undefined:undefined":3,"s:79:6:81:Infinity":17,"s:80:8:80:Infinity":18,"b:82:6:84:Infinity:undefined:undefined:undefined:undefined":4,"s:82:6:84:Infinity":19,"s:83:8:83:Infinity":20,"b:87:6:89:Infinity:undefined:undefined:undefined:undefined":5,"s:87:6:89:Infinity":21,"s:88:8:88:Infinity":22,"s:92:4:92:Infinity":23,"f:98:8:98:17":5,"s:99:21:102:Infinity":24,"s:104:4:104:Infinity":25,"s:105:4:105:Infinity":26,"s:107:4:107:Infinity":27,"f:113:8:113:14":6,"s:114:21:117:Infinity":28,"s:119:4:119:Infinity":29,"s:120:4:120:Infinity":30,"s:122:4:122:Infinity":31,"f:128:8:128:19":7,"s:129:21:132:Infinity":32,"s:134:4:134:Infinity":33,"s:135:4:135:Infinity":34,"s:137:4:137:Infinity":35,"f:143:8:143:32":8,"s:144:4:149:Infinity":36,"s:146:6:146:Infinity":37,"s:151:4:151:Infinity":38,"s:152:4:152:Infinity":39,"f:158:8:158:40":9,"b:159:4:161:Infinity:undefined:undefined:undefined:undefined":6,"s:159:4:161:Infinity":40,"s:160:6:160:Infinity":41,"s:163:4:169:Infinity":42,"s:164:19:164:Infinity":43,"s:165:6:165:Infinity":44,"s:166:6:166:Infinity":45,"s:168:6:168:Infinity":46,"f:175:8:175:42":10,"b:176:4:178:Infinity:undefined:undefined:undefined:undefined":7,"s:176:4:178:Infinity":47,"s:177:6:177:Infinity":48,"s:180:4:186:Infinity":49,"s:181:20:181:Infinity":50,"s:182:6:182:Infinity":51,"s:183:6:183:Infinity":52,"s:185:6:185:Infinity":53,"f:192:2:192:31":11,"s:193:4:193:Infinity":54,"f:199:8:199:50":12,"s:200:25:200:Infinity":55,"b:201:4:203:Infinity:undefined:undefined:undefined:undefined":8,"s:201:4:203:Infinity":56,"s:202:6:202:Infinity":57,"s:205:4:227:Infinity":58,"s:206:23:210:Infinity":59,"s:212:6:216:Infinity":60,"s:218:6:218:Infinity":61,"s:219:6:219:Infinity":62,"s:221:6:221:Infinity":63,"s:224:6:224:Infinity":64,"s:225:6:225:Infinity":65,"s:226:6:226:Infinity":66,"f:233:2:233:20":13,"s:234:4:234:Infinity":67,"s:237:4:239:Infinity":68,"f:237:11:237:17":14,"s:238:6:238:Infinity":69,"f:245:2:245:29":15,"s:246:4:247:Infinity":70,"b:246:11:246:Infinity:247:6:247:Infinity":9,"f:253:16:253:35":16,"s:254:4:254:Infinity":71,"s:255:4:255:Infinity":72,"s:257:4:263:Infinity":73,"b:262:6:262:36:262:36:262:Infinity":10,"s:265:4:265:Infinity":74,"b:267:4:269:Infinity:undefined:undefined:undefined:undefined":11,"s:267:4:269:Infinity":75,"s:268:6:268:Infinity":76,"f:275:16:275:40":17,"s:276:4:276:Infinity":77,"s:277:4:277:Infinity":78,"s:279:4:285:Infinity":79,"b:284:6:284:36:284:36:284:Infinity":12,"s:287:4:287:Infinity":80,"b:289:4:291:Infinity:undefined:undefined:undefined:undefined":13,"s:289:4:291:Infinity":81,"s:290:6:290:Infinity":82,"f:297:16:297:46":18,"s:298:4:298:Infinity":83,"s:299:4:299:Infinity":84,"s:300:4:300:Infinity":85,"s:301:4:301:Infinity":86,"s:302:4:302:Infinity":87,"f:308:10:308:35":19,"s:309:4:312:Infinity":88,"f:310:6:310:12":20,"s:310:12:310:Infinity":89,"f:310:39:310:45":21,"f:318:10:318:20":22,"s:319:4:325:Infinity":90,"s:320:6:324:Infinity":91,"s:321:8:321:Infinity":92}}}
,"/Users/berkeucvet/Developer/berke/swiftbase/swiftbase-sdk/src/modules/auth/index.ts": {"path":"/Users/berkeucvet/Developer/berke/swiftbase/swiftbase-sdk/src/modules/auth/index.ts","statementMap":{},"fnMap":{},"branchMap":{},"s":{},"f":{},"b":{},"meta":{"lastBranch":0,"lastFunction":0,"lastStatement":0,"seen":{}}}
,"/Users/berkeucvet/Developer/berke/swiftbase/swiftbase-sdk/src/modules/auth/storage.ts": {"path":"/Users/berkeucvet/Developer/berke/swiftbase/swiftbase-sdk/src/modules/auth/storage.ts","statementMap":{"0":{"start":{"line":9,"column":39},"end":{"line":9,"column":null}},"1":{"start":{"line":12,"column":4},"end":{"line":12,"column":null}},"2":{"start":{"line":16,"column":4},"end":{"line":16,"column":null}},"3":{"start":{"line":20,"column":4},"end":{"line":20,"column":null}},"4":{"start":{"line":24,"column":4},"end":{"line":24,"column":null}},"5":{"start":{"line":33,"column":4},"end":{"line":33,"column":null}},"6":{"start":{"line":33,"column":22},"end":{"line":33,"column":null}},"7":{"start":{"line":34,"column":4},"end":{"line":38,"column":null}},"8":{"start":{"line":35,"column":6},"end":{"line":35,"column":null}},"9":{"start":{"line":37,"column":6},"end":{"line":37,"column":null}},"10":{"start":{"line":42,"column":4},"end":{"line":42,"column":null}},"11":{"start":{"line":42,"column":22},"end":{"line":42,"column":null}},"12":{"start":{"line":43,"column":4},"end":{"line":47,"column":null}},"13":{"start":{"line":44,"column":6},"end":{"line":44,"column":null}},"14":{"start":{"line":51,"column":4},"end":{"line":51,"column":null}},"15":{"start":{"line":51,"column":22},"end":{"line":51,"column":null}},"16":{"start":{"line":52,"column":4},"end":{"line":56,"column":null}},"17":{"start":{"line":53,"column":6},"end":{"line":53,"column":null}},"18":{"start":{"line":65,"column":4},"end":{"line":65,"column":null}},"19":{"start":{"line":65,"column":22},"end":{"line":65,"column":null}},"20":{"start":{"line":66,"column":4},"end":{"line":70,"column":null}},"21":{"start":{"line":67,"column":6},"end":{"line":67,"column":null}},"22":{"start":{"line":69,"column":6},"end":{"line":69,"column":null}},"23":{"start":{"line":74,"column":4},"end":{"line":74,"column":null}},"24":{"start":{"line":74,"column":22},"end":{"line":74,"column":null}},"25":{"start":{"line":75,"column":4},"end":{"line":79,"column":null}},"26":{"start":{"line":76,"column":6},"end":{"line":76,"column":null}},"27":{"start":{"line":83,"column":4},"end":{"line":83,"column":null}},"28":{"start":{"line":83,"column":22},"end":{"line":83,"column":null}},"29":{"start":{"line":84,"column":4},"end":{"line":88,"column":null}},"30":{"start":{"line":85,"column":6},"end":{"line":85,"column":null}},"31":{"start":{"line":98,"column":2},"end":{"line":100,"column":null}},"32":{"start":{"line":99,"column":4},"end":{"line":99,"column":null}},"33":{"start":{"line":102,"column":2},"end":{"line":110,"column":null}},"34":{"start":{"line":104,"column":6},"end":{"line":104,"column":null}},"35":{"start":{"line":106,"column":6},"end":{"line":106,"column":null}},"36":{"start":{"line":109,"column":6},"end":{"line":109,"column":null}}},"fnMap":{"0":{"name":"(anonymous_0)","decl":{"start":{"line":11,"column":2},"end":{"line":11,"column":6}},"loc":{"start":{"line":11,"column":34},"end":{"line":13,"column":null}},"line":11},"1":{"name":"(anonymous_1)","decl":{"start":{"line":15,"column":2},"end":{"line":15,"column":6}},"loc":{"start":{"line":15,"column":40},"end":{"line":17,"column":null}},"line":15},"2":{"name":"(anonymous_2)","decl":{"start":{"line":19,"column":2},"end":{"line":19,"column":9}},"loc":{"start":{"line":19,"column":28},"end":{"line":21,"column":null}},"line":19},"3":{"name":"(anonymous_3)","decl":{"start":{"line":23,"column":2},"end":{"line":23,"column":16}},"loc":{"start":{"line":23,"column":16},"end":{"line":25,"column":null}},"line":23},"4":{"name":"(anonymous_4)","decl":{"start":{"line":32,"column":2},"end":{"line":32,"column":6}},"loc":{"start":{"line":32,"column":34},"end":{"line":39,"column":null}},"line":32},"5":{"name":"(anonymous_5)","decl":{"start":{"line":41,"column":2},"end":{"line":41,"column":6}},"loc":{"start":{"line":41,"column":40},"end":{"line":48,"column":null}},"line":41},"6":{"name":"(anonymous_6)","decl":{"start":{"line":50,"column":2},"end":{"line":50,"column":9}},"loc":{"start":{"line":50,"column":28},"end":{"line":57,"column":null}},"line":50},"7":{"name":"(anonymous_7)","decl":{"start":{"line":64,"column":2},"end":{"line":64,"column":6}},"loc":{"start":{"line":64,"column":34},"end":{"line":71,"column":null}},"line":64},"8":{"name":"(anonymous_8)","decl":{"start":{"line":73,"column":2},"end":{"line":73,"column":6}},"loc":{"start":{"line":73,"column":40},"end":{"line":80,"column":null}},"line":73},"9":{"name":"(anonymous_9)","decl":{"start":{"line":82,"column":2},"end":{"line":82,"column":9}},"loc":{"start":{"line":82,"column":28},"end":{"line":89,"column":null}},"line":82},"10":{"name":"createStorageAdapter","decl":{"start":{"line":95,"column":16},"end":{"line":95,"column":null}},"loc":{"start":{"line":97,"column":18},"end":{"line":111,"column":null}},"line":97}},"branchMap":{"0":{"loc":{"start":{"line":12,"column":11},"end":{"line":12,"column":null}},"type":"binary-expr","locations":[{"start":{"line":12,"column":11},"end":{"line":12,"column":34}},{"start":{"line":12,"column":34},"end":{"line":12,"column":null}}],"line":12},"1":{"loc":{"start":{"line":33,"column":4},"end":{"line":33,"column":null}},"type":"if","locations":[{"start":{"line":33,"column":4},"end":{"line":33,"column":null}},{"start":{},"end":{}}],"line":33},"2":{"loc":{"start":{"line":42,"column":4},"end":{"line":42,"column":null}},"type":"if","locations":[{"start":{"line":42,"column":4},"end":{"line":42,"column":null}},{"start":{},"end":{}}],"line":42},"3":{"loc":{"start":{"line":51,"column":4},"end":{"line":51,"column":null}},"type":"if","locations":[{"start":{"line":51,"column":4},"end":{"line":51,"column":null}},{"start":{},"end":{}}],"line":51},"4":{"loc":{"start":{"line":65,"column":4},"end":{"line":65,"column":null}},"type":"if","locations":[{"start":{"line":65,"column":4},"end":{"line":65,"column":null}},{"start":{},"end":{}}],"line":65},"5":{"loc":{"start":{"line":74,"column":4},"end":{"line":74,"column":null}},"type":"if","locations":[{"start":{"line":74,"column":4},"end":{
[...]
mous_6)","decl":{"start":{"line":88,"column":10},"end":{"line":88,"column":44}},"loc":{"start":{"line":88,"column":44},"end":{"line":112,"column":null}},"line":88},"7":{"name":"(anonymous_7)","decl":{"start":{"line":117,"column":8},"end":{"line":117,"column":29}},"loc":{"start":{"line":117,"column":29},"end":{"line":130,"column":null}},"line":117},"8":{"name":"(anonymous_8)","decl":{"start":{"line":135,"column":8},"end":{"line":135,"column":37}},"loc":{"start":{"line":135,"column":37},"end":{"line":148,"column":null}},"line":135},"9":{"name":"(anonymous_9)","decl":{"start":{"line":153,"column":8},"end":{"line":153,"column":15}},"loc":{"start":{"line":153,"column":76},"end":{"line":166,"column":null}},"line":153},"10":{"name":"(anonymous_10)","decl":{"start":{"line":174,"column":8},"end":{"line":174,"column":15}},"loc":{"start":{"line":174,"column":82},"end":{"line":188,"column":null}},"line":174},"11":{"name":"(anonymous_11)","decl":{"start":{"line":193,"column":8},"end":{"line":193,"column":47}},"loc":{"start":{"line":193,"column":47},"end":{"line":206,"column":null}},"line":193},"12":{"name":"(anonymous_12)","decl":{"start":{"line":211,"column":8},"end":{"line":211,"column":33}},"loc":{"start":{"line":211,"column":33},"end":{"line":224,"column":null}},"line":211},"13":{"name":"(anonymous_13)","decl":{"start":{"line":234,"column":8},"end":{"line":234,"column":13}},"loc":{"start":{"line":234,"column":63},"end":{"line":247,"column":null}},"line":234},"14":{"name":"(anonymous_14)","decl":{"start":{"line":256,"column":2},"end":{"line":256,"column":14}},"loc":{"start":{"line":256,"column":32},"end":{"line":258,"column":null}},"line":256},"15":{"name":"(anonymous_15)","decl":{"start":{"line":263,"column":2},"end":{"line":263,"column":27}},"loc":{"start":{"line":263,"column":58},"end":{"line":265,"column":null}},"line":263},"16":{"name":"(anonymous_16)","decl":{"start":{"line":276,"column":8},"end":{"line":276,"column":27}},"loc":{"start":{"line":276,"column":77},"end":{"line":278,"column":null}},"line":276},"17":{"name":"(anonymous_17)","decl":{"start":{"line":285,"column":8},"end":{"line":285,"column":null}},"loc":{"start":{"line":288,"column":31},"end":{"line":297,"column":null}},"line":288}},"branchMap":{"0":{"loc":{"start":{"line":51,"column":4},"end":{"line":55,"column":null}},"type":"if","locations":[{"start":{"line":51,"column":4},"end":{"line":55,"column":null}},{"start":{"line":53,"column":11},"end":{"line":55,"column":null}}],"line":51},"1":{"loc":{"start":{"line":52,"column":34},"end":{"line":52,"column":null}},"type":"binary-expr","locations":[{"start":{"line":52,"column":34},"end":{"line":52,"column":47}},{"start":{"line":52,"column":47},"end":{"line":52,"column":null}}],"line":52},"2":{"loc":{"start":{"line":91,"column":4},"end":{"line":93,"column":null}},"type":"if","locations":[{"start":{"line":91,"column":4},"end":{"line":93,"column":null}},{"start":{},"end":{}}],"line":91},"3":{"loc":{"start":{"line":95,"column":4},"end":{"line":97,"column":null}},"type":"if","locations":[{"start":{"line":95,"column":4},"end":{"line":97,"column":null}},{"start":{},"end":{}}],"line":95},"4":{"loc":{"start":{"line":99,"column":4},"end":{"line":101,"column":null}},"type":"if","locations":[{"start":{"line":99,"column":4},"end":{"line":101,"column":null}},{"start":{},"end":{}}],"line":99},"5":{"loc":{"start":{"line":103,"column":4},"end":{"line":105,"column":null}},"type":"if","locations":[{"start":{"line":103,"column":4},"end":{"line":105,"column":null}},{"start":{},"end":{}}],"line":103},"6":{"loc":{"start":{"line":107,"column":4},"end":{"line":109,"column":null}},"type":"if","locations":[{"start":{"line":107,"column":4},"end":{"line":109,"column":null}},{"start":{},"end":{}}],"line":107}},"s":{"0":21,"1":21,"2":21,"3":21,"4":12,"5":12,"6":4,"7":3,"8":1,"9":4,"10":3,"11":3,"12":3,"13":3,"14":2,"15":2,"16":18,"17":18,"18":10,"19":18,"20":4,"21":18,"22":3,"23":18,"24":3,"25":18,"26":2,"27":18,"28":12,"29":12,"30":12,"31":2,"32":2,"33":2,"34":1,"35":1,"36":1,"37":2,"38":2,"39":2,"40":1,"41":1,"42":1,"43":1,"44":1,"45":1,"46":1,"47":1,"48":1,"49":8,"50":1,"51":1,"52":1,"53":1},"f":{"0":21,"1":12,"2":4,"3":3,"4":3,"5":2,"6":18,"7":12,"8":2,"9":1,"10":2,"11":1,"12":1,"13":1,"14":8,"15":1,"16":1,"17":1},"b":{"0":[3,1],"1":[3,1],"2":[10,8],"3":[4,14],"4":[3,15],"5":[3,15],"6":[2,16]},"meta":{"lastBranch":7,"lastFunction":18,"lastStatement":54,"seen":{"s:22:37:22:Infinity":0,"s:23:41:23:Infinity":1,"f:28:2:28:14":0,"s:29:4:29:Infinity":2,"s:30:4:30:Infinity":3,"f:39:2:39:8":1,"s:40:4:40:Infinity":4,"s:41:4:41:Infinity":5,"f:50:2:50:10":2,"b:51:4:55:Infinity:53:11:55:Infinity":0,"s:51:4:55:Infinity":6,"s:52:6:52:Infinity":7,"b:52:34:52:47:52:47:52:Infinity":1,"s:54:6:54:Infinity":8,"s:56:4:56:Infinity":9,"f:62:2:62:8":3,"s:63:4:63:Infinity":10,"s:64:4:64:Infinity":11,"f:70:2:70:9":4,"s:71:4:71:Infinity":12,"s:72:4:72:Infinity":13,"f:80:2:80:9":5,"s:81:4:81:Infinity":14,"s:82:4:82:Infinity":15,"f:88:10:88:44":6,"s:89:34:89:Infinity":16,"b:91:4:93:Infinity:undefined:undefined:undefined:undefined":2,"s:91:4:93:Infinity":17,"s:92:6:92:Infinity":18,"b:95:4:97:Infinity:undefined:undefined:undefined:undefined":3,"s:95:4:97:Infinity":19,"s:96:6:96:Infinity":20,"b:99:4:101:Infinity:undefined:undefined:undefined:undefined":4,"s:99:4:101:Infinity":21,"s:100:6:100:Infinity":22,"b:103:4:105:Infinity:undefined:undefined:undefined:undefined":5,"s:103:4:105:Infinity":23,"s:104:6:104:Infinity":24,"b:107:4:109:Infinity:undefined:undefined:undefined:undefined":6,"s:107:4:109:Infinity":25,"s:108:6:108:Infinity":26,"s:111:4:111:Infinity":27,"f:117:8:117:29":7,"s:118:34:122:Infinity":28,"s:124:21:127:Infinity":29,"s:129:4:129:Infinity":30,"f:135:8:135:37":8,"s:136:34:140:Infinity":31,"s:142:21:145:Infinity":32,"s:147:4:147:Infinity":33,"f:153:8:153:15":9,"s:154:34:158:Infinity":34,"s:160:21:163:Infinity":35,"s:165:4:165:Infinity":36,"f:174:8:174:15":10,"s:175:34:180:Infinity":37,"s:182:21:185:Infinity":38,"s:187:4:187:Infinity":39,"f:193:8:193:47":11,"s:194:34:198:Infinity":40,"s:200:21:203:Infinity":41,"s:205:4:205:Infinity":42,"f:211:8:211:33":12,"s:212:34:216:Infinity":43,"s:218:21:221:Infinity":44,"s:223:4:223:Infinity":45,"f:234:8:234:13":13,"s:235:20:239:Infinity":46,"s:241:21:244:Infinity":47,"s:246:4:246:Infinity":48,"f:256:2:256:14":14,"s:257:4:257:Infinity":49,"f:263:2:263:27":15,"s:264:4:264:Infinity":50,"f:276:8:276:27":16,"s:277:4:277:Infinity":51,"f:285:8:285:Infinity":17,"s:289:34:294:Infinity":52,"s:296:4:296:Infinity":53}}}
,"/Users/berkeucvet/Developer/berke/swiftbase/swiftbase-sdk/src/modules/query/index.ts": {"path":"/Users/berkeucvet/Developer/berke/swiftbase/swiftbase-sdk/src/modules/query/index.ts","statementMap":{},"fnMap":{},"branchMap":{},"s":{},"f":{},"b":{},"meta":{"lastBranch":0,"lastFunction":0,"lastStatement":0,"seen":{}}}
,"/Users/berkeucvet/Developer/berke/swiftbase/swiftbase-sdk/src/types/auth.ts": {"path":"/Users/berkeucvet/Developer/berke/swiftbase/swiftbase-sdk/src/types/auth.ts","statementMap":{},"fnMap":{},"branchMap":{},"s":{},"f":{},"b":{},"meta":{"lastBranch":0,"lastFunction":0,"lastStatement":0,"seen":{}}}
,"/Users/berkeucvet/Developer/berke/swiftbase/swiftbase-sdk/src/types/client.ts": {"path":"/Users/berkeucvet/Developer/berke/swiftbase/swiftbase-sdk/src/types/client.ts","statementMap":{"0":{"start":{"line":70,"column":70},"end":{"line":90,"column":null}}},"fnMap":{},"branchMap":{},"s":{"0":1},"f":{},"b":{},"meta":{"lastBranch":0,"lastFunction":0,"lastStatement":1,"seen":{"s:70:70:90:Infinity":0}}}
,"/Users/berkeucvet/Developer/berke/swiftbase/swiftbase-sdk/src/types/collections.ts": {"path":"/Users/berkeucvet/Developer/berke/swiftbase/swiftbase-sdk/src/types/collections.ts","statementMap":{},"fnMap":{},"branchMap":{},"s":{},"f":{},"b":{},"meta":{"lastBranch":0,"lastFunction":0,"lastStatement":0,"seen":{}}}
,"/Users/berkeucvet/Developer/berke/swiftbase/swiftbase-sdk/src/types/index.ts": {"path":"/Users/berkeucvet/Developer/berke/swiftbase/swiftbase-sdk/src/types/index.ts","statementMap":{},"fnMap":{},"branchMap":{},"s":{},"f":{},"b":{},"meta":{"lastBranch":0,"lastFunction":0,"lastStatement":0,"seen":{}}}
,"/Users/berkeucvet/Developer/berke/swiftbase/swiftbase-sdk/src/types/query.ts": {"path":"/Users/berkeucvet/Developer/berke/swiftbase/swiftbase-sdk/src/types/query.ts","statementMap":{},"fnMap":{},"branchMap":{},"s":{},"f":{},"b":{},"meta":{"lastBranch":0,"lastFunction":0,"lastStatement":0,"seen":{}}}
,"/Users/berkeucvet/Developer/berke/swiftbase/swiftbase-sdk/src/types/realtime.ts": {"path":"/Users/berkeucvet/Developer/berke/swiftbase/swiftbase-sdk/src/types/realtime.ts","statementMap":{},"fnMap":{},"branchMap":{},"s":{},"f":{},"b":{},"meta":{"lastBranch":0,"lastFunction":0,"lastStatement":0,"seen":{}}}
,"/Users/berkeucvet/Developer/berke/swiftbase/swiftbase-sdk/src/types/storage.ts": {"path":"/Users/berkeucvet/Developer/berke/swiftbase/swiftbase-sdk/src/types/storage.ts","statementMap":{},"fnMap":{},"branchMap":{},"s":{},"f":{},"b":{},"meta":{"lastBranch":0,"lastFunction":0,"lastStatement":0,"seen":{}}}
,"/Users/berkeucvet/Developer/berke/swiftbase/swiftbase-sdk/src/utils/constants.ts": {"path":"/Users/berkeucvet/Developer/berke/swiftbase/swiftbase-sdk/src/utils/constants.ts","statementMap":{"0":{"start":{"line":4,"column":29},"end":{"line":28,"column":null}},"1":{"start":{"line":33,"column":28},"end":{"line":36,"column":null}},"2":{"start":{"line":41,"column":24},"end":{"line":46,"column":null}}},"fnMap":{},"branchMap":{},"s":{"0":4,"1":4,"2":4},"f":{},"b":{},"meta":{"lastBranch":0,"lastFunction":0,"lastStatement":3,"seen":{"s:4:29:28:Infinity":0,"s:33:28:36:Infinity":1,"s:41:24:46:Infinity":2}}}
,"/Users/berkeucvet/Developer/berke/swiftbase/swiftbase-sdk/src/utils/helpers.ts": {"path":"/Users/berkeucvet/Developer/berke/swiftbase/swiftbase-sdk/src/utils/helpers.ts","statementMap":{"0":{"start":{"line":8,"column":17},"end":{"line":8,"column":null}},"1":{"start":{"line":10,"column":2},"end":{"line":30,"column":null}},"2":{"start":{"line":11,"column":24},"end":{"line":11,"column":null}},"3":{"start":{"line":12,"column":24},"end":{"line":12,"column":null}},"4":{"start":{"line":14,"column":4},"end":{"line":29,"column":null}},"5":{"start":{"line":23,"column":6},"end":{"line":26,"column":null}},"6":{"start":{"line":27,"column":4},"end":{"line":29,"column":null}},"7":{"start":{"line":28,"column":6},"end":{"line":28,"column":null}},"8":{"start":{"line":32,"column":2},"end":{"line":32,"column":null}},"9":{"start":{"line":39,"column":2},"end":{"line":39,"column":null}},"10":{"start":{"line":46,"column":2},"end":{"line":46,"column":null}},"11":{"start":{"line":53,"column":2},"end":{"line":80,"column":null}},"12":{"start":{"line":54,"column":18},"end":{"line":54,"column":null}},"13":{"start":{"line":55,"column":4},"end":{"line":57,"column":null}},"14":{"start":{"line":56,"column":6},"end":{"line":56,"column":null}},"15":{"start":{"line":59,"column":20},"end":{"line":59,"column":null}},"16":{"start":{"line":60,"column":4},"end":{"line":62,"column":null}},"17":{"start":{"line":61,"column":6},"end":{"line":61,"column":null}},"18":{"start":{"line":65,"column":19},"end":{"line":65,"column":null}},"19":{"start":{"line":66,"column":19},"end":{"line":66,"column":null}},"20":{"start":{"line":69,"column":4},"end":{"line":75,"column":null}},"21":{"start":{"line":70,"column":6},"end":{"line":70,"column":null}},"22":{"start":{"line":71,"column":4},"end":{"line":75,"column":null}},"23":{"start":{"line":72,"column":6},"end":{"line":72,"column":null}},"24":{"start":{"line":74,"column":6},"end":{"line":74,"column":null}},"25":{"start":{"line":77,"column":4},"end":{"line":77,"column":null}},"26":{"start":{"line":79,"column":4},"end":{"line":79,"column":null}},"27":{"start":{"line":87,"column":18},"end":{"line":87,"column":null}},"28":{"start":{"line":88,"column":2},"end":{"line":90,"column":null}},"29":{"start":{"line":89,"column":4},"end":{"line":89,"column":null}},"30":{"start":{"line":92,"column":14},"end":{"line":92,"column":null}},"31":{"start":{"line":93,"column":2},"end":{"line":93,"column":null}},"32":{"start":{"line":100,"column":2},"end":{"line":102,"column":null}},"33":{"start":{"line":101,"column":4},"end":{"line":101,"column":null}},"34":{"start":{"line":105,"column":2},"end":{"line":109,"column":null}},"35":{"start":{"line":106,"column":15},"end":{"line":106,"column":null}},"36":{"start":{"line":107,"column":14},"end":{"line":107,"column":null}},"37":{"start":{"line":108,"column":4},"end":{"line":108,"column":null}}},"fnMap":{"0":{"name":"deepMerge","decl":{"start":{"line":4,"column":16},"end":{"line":4,"column":null}},"loc":{"start":{"line":7,"column":5},"end":{"line":33,"column":null}},"line":7},"1":{"name":"isBrowser","decl":{"start":{"line":38,"column":16},"end":{"line":38,"column":37}},"loc":{"start":{"line":38,"column":37},"end":{"line":40,"column":null}},"line":38},"2":{"name":"isNode","decl":{"start":{"line":45,"column":16},"end":{"line":45,"column":34}},"loc":{"start":{"line":45,"column":34},"end":{"line":47,"column":null}},"line":45},"3":{"name":"decodeJwtPayload","decl":{"start":{"line":52,"column":16},"end":{"line":52,"column":33}},"loc":{"start":{"line":52,"column":80},"end":{"line":81,"column":null}},"line":52},"4":{"name":"isTokenExpired","decl":{"start":{"line":86,"column":16},"end":{"line":86,"column":31}},"loc":{"start":{"line":86,"column":83},"end":{"line":94,"column":null}},"line":86},"5":{"name":"generateId","decl":{"start":{"line":99,"column":16},"end":{"line":99,"column":37}},"loc":{"start":{"line":99,"column":37},"end":{"line":110,"column":null}},"line":99},"6":{"name":"(anonymous_6)","decl":{"start":{"line":105,"column":65},"end":{"line":105,"column":66}},"loc":{"start":{"line":105,"column":72},"end":{"line":109,"column":3}},"line":105}},"branchMap":{"0":{"loc":{"start":{"line":14,"column":4},"end":{"line":29,"column":null}},"type":"if","locations":[{"start":{"line":14,"column":4},"end":{"line":29,"column":null}},{"start":{"line":27,"column":4},"end":{"line":29,"column":null}}],"line":14},"1":{"loc":{"start":{"line":15,"column":6},"end":{"line":21,"column":null}},"type":"binary-expr","locations":[{"start":{"line":15,"column":6},"end":{"line":15,"column":null}},{"start":{"line":16,"column":6},"end":{"line":16,"column":null}},{"start":{"line":17,"column":6},"end":{"line":17,"column":null}},{"start":{"line":18,"column":6},"end":{"line":18,"column":null}},{"start":{"line":19,"column":6},"end":{"line":19,"column":null}},{"start":{"line":20,"column":6},"end":{"line":20,"column":null}},{"start":{"line":21,"column":6},"end":{"line":21,"column":null}}],"line":15},"2":{"loc":{"start":{"line":27,"column":4},"end":{"line":29,"column":null}},"type":"if","locations":[{"start":{"line":27,"column":4},"end":{"line":29,"column":null}},{"start":{},"end":{}}],"line":27},"3":{"loc":{"start":{"line":39,"column":9},"end":{"line":39,"column":null}},"type":"binary-expr","locations":[{"start":{"line":39,"column":9},"end":{"line":39,"column":42}},{"start":{"line":39,"column":42},"end":{"line":39,"column":null}}],"line":39},"4":{"loc":{"start":{"line":46,"column":9},"end":{"line":46,"column":null}},"type":"binary-expr","locations":[{"start":{"line":46,"column":9},"end":{"line":46,"column":43}},{"start":{"line":46,"column":43},"end":{"line":46,"column":null}}],"line":46},"5":{"loc":{"start":{"line":55,"column":4},"end":{"line":57,"column":null}},"type":"if","locations":[{"start":{"line":55,"column":4},"end":{"line":57,"column":null}},{"start":{},"end":{}}],"line":55},"6":{"loc":{"start":{"line":60,"column":4},"end":{"line":62,"column":null}},"type":"if","locations":[{"start":{"line":60,"column":4},"end":{"line":62,"column":null}},{"start":{},"end":{}}],"line":60},"7":{"loc":{"start":{"line":69,"column":4},"end":{"line":75,"column":null}},"type":"if","locations":[{"start":{"line":69,"column":4},"end":{"line":75,"column":null}},{"start":{"line":71,"column":4},"end":{"line":75,"column":null}}],"line":69},"8":{"loc":{"start":{"line":71,"column":4},"end":{"line":75,"column":null}},"type":"if","locations":[{"start":{"line":71,"column":4},"end":{"line":75,"column":null}},{"start":{"line":73,"column":11},"end":{"line":75,"column":null}}],"line":71},"9":{"loc":{"start":{"line":86,"column":46},"end":{"line":86,"column":83}},"type":"default-arg","locations":[{"start":{"line":86,"column":70},"end":{"line":86,"column":83}}],"line":86},"10":{"loc":{"start":{"line":88,"column":2},"end":{"line":90,"column":null}},"type":"if","locations":[{"start":{"line":88,"column":2},"end":{"line":90,"column":null}},{"start":{},"end":{}}],"line":88},"11":{"loc":{"start":{"line":88,"column":6},"end":{"line":88,"column":51}},"type":"binary-expr","locations":[{"start":{"line":88,"column":6},"end":{"line":88,"column":18}},{"start":{"line":88,"column":18},"end":{"line":88,"column":51}}],"line":88},"12":{"loc":{"start":{"line":100,"column":2},"end":{"line":102,"column":null}},"type":"if","locations":[{"start":{"line":100,"column":2},"end":{"line":102,"column":null}},{"start":{},"end":{}}],"line":100},"13":{"loc":{"start":{"line":100,"column":6},"end":{"line":100,"column":58}},"type":"binary-expr","locations":[{"start":{"line":100,"column":6},"end":{"line":100,"column":39}},{"start":{"line":100,"column":39},"end":{"line":100,"column":58}}],"line":100},"14":{"loc":{"start":{"line":107,"column":14},"end":{"line":107,"column":null}},"type":"cond-expr","locations":[{"start":{"line":107,"column":26},"end":{"line":107,"column":31}},{"start":{"line":107,"column":31},"end":{"line":107,"column":null}}],"line":107}},"s":{"0":19,"1":19,"2":32,"3":32,"4":32,"5":8,"6":24,"7":23,"8":19,"9":9,"10":1,"11":26,"12":26,"13":26,"14":4,"15":22,"16":22,"17":0,"18":22,"19":22,"20":22,"21":22,"22":0,"23":0,"24":0,"25":21,"26":1,"27":15,"28":15,"29":2,"30":13,"31":13,"32":4,"33":4,"34":0,"35":0,"36":0,"37":0},"f":{"0":19,"1":9,"2":1,"3":26,"4":15,"5":4,"6":0},"b":{"0":[8,24],"1":[32,31,10,9,8,8,8],"2":[23,1],"3":[9,8],"4":[1,1],"5":[4,22],"6":[0,22],"7":[22,0],"8":[0,0],"9":[15],"10":[2,13],"11":[15,14],"12":[4,0],"13":[4,4],"14":[0,0]},"meta":{"lastBranch":15,"lastFunction":7,"lastStatement":38,"seen":{"f:4:16:4:Infinity":0,"s:8:17:8:Infinity":0,"s:10:2:30:Infinity":1,"s:11:24:11:Infinity":2,"s:12:24:12:Infinity":3,"b:14:4:29:Infinity:27:4:29:Infinity":0,"s:14:4:29:Infinity":4,"b:15:6:15:Infinity:16:6:16:Infinity:17:6:17:Infinity:18:6:18:Infinity:19:6:19:Infinity:20:6:20:Infinity:21:6:21:Infinity":1,"s:23:6:26:Infinity":5,"b:27:4:29:Infinity:undefined:undefined:undefined:undefined":2,"s:27:4:29:Infinity":6,"s:28:6:28:Infinity":7,"s:32:2:32:Infinity":8,"f:38:16:38:37":1,"s:39:2:39:Infinity":9,"b:39:9:39:42:39:42:39:Infinity":3,"f:45:16:45:34":2,"s:46:2:46:Infinity":10,"b:46:9:46:43:46:43:46:Infinity":4,"f:52:16:52:33":3,"s:53:2:80:Infinity":11,"s:54:18:54:Infinity":12,"b:55:4:57:Infinity:undefined:undefined:undefined:undefined":5,"s:55:4:57:Infinity":13,"s:56:6:56:Infinity":14,"s:59:20:59:Infinity":15,"b:60:4:62:Infinity:undefined:undefined:undefined:undefined":6,"s:60:4:62:Infinity":16,"s:61:6:61:Infinity":17,"s:65:19:65:Infinity":18,"s:66:19:66:Infinity":19,"b:69:4:75:Infinity:71:4:75:Infinity":7,"s:69:4:75:Infinity":20,"s:70:6:70:Infinity":21,"b:71:4:75:Infinity:73:11:75:Infinity":8,"s:71:4:75:Infinity":22,"s:72:6:72:Infinity":23,"s:74:6:74:Infinity":24,"s:77:4:77:Infinity":25,"s:79:4:79:Infinity":26,"f:86:16:86:31":4,"b:86:70:86:83":9,"s:87:18:87:Infinity":27,"b:88:2:90:Infinity:undefined:undefined:undefined:undefined":10,"s:88:2:90:Infinity":28,"b:88:6:88:18:88:18:88:51":11,"s:89:4:89:Infinity":29,"s:92:14:92:Infinity":30,"s:93:2:93:Infinity":31,"f:99:16:99:37":5,"b:100:2:102:Infinity:undefined:undefined:undefined:undefined":12,"s:100:2:102:Infinity":32,"b:100:6:100:39:100:39:100:58":13,"s:101:4:101:Infinity":33,"s:105:2:109:Infinity":34,"f:105:65:105:66":6,"s:106:15:106:Infinity":35,"s:107:14:107:Infinity":36,"b:107:26:107:31:107:31:107:Infinity":14,"s:108:4:108:Infinity":37}}}
}
